DEBUG qtp321412515-21 org.eclipse.jetty.server.HttpInput - HttpInputOverHTTP@2e601bcb[c=340,q=1,[0]=EOF,s=STREAM] read 1 from Content@64fd8b3c{HeapByteBufferR@39cbebff[p=697,l=765,c=8192,r=68]={POST / HT...C6c1e0e<<<1dc0386393d94f9feb24722c9...2&ApiVersion=2010-04-01>>>\x00\x00\x00\x00\x00\x00\x00\x00\x00...\x00\x00\x00\x00\x00\x00\x00}}
DEBUG qtp321412515-21 org.eclipse.jetty.server.HttpInput - HttpInputOverHTTP@2e601bcb[c=341,q=1,[0]=EOF,s=STREAM] read 1 from Content@64fd8b3c{HeapByteBufferR@39cbebff[p=698,l=765,c=8192,r=67]={POST / HT...6c1e0e1<<<dc0386393d94f9feb24722c98...2&ApiVersion=2010-04-01>>>\x00\x00\x00\x00\x00\x00\x00\x00\x00...\x00\x00\x00\x00\x00\x00\x00}}
DEBUG qtp321412515-21 org.eclipse.jetty.server.HttpInput - HttpInputOverHTTP@2e601bcb[c=342,q=1,[0]=EOF,s=STREAM] read 1 from Content@64fd8b3c{HeapByteBufferR@39cbebff[p=699,l=765,c=8192,r=66]={POST / HT...c1e0e1d<<<c0386393d94f9feb24722c98&...2&ApiVersion=2010-04-01>>>\x00\x00\x00\x00\x00\x00\x00\x00\x00...\x00\x00\x00\x00\x00\x00\x00}}
DEBUG qtp321412515-21 org.eclipse.jetty.server.HttpInput - HttpInputOverHTTP@2e601bcb[c=343,q=1,[0]=EOF,s=STREAM] read 1 from Content@64fd8b3c{HeapByteBufferR@39cbebff[p=700,l=765,c=8192,r=65]={POST / HT...1e0e1dc<<<0386393d94f9feb24722c98&F...2&ApiVersion=2010-04-01>>>\x00\x00\x00\x00\x00\x00\x00\x00\x00...\x00\x00\x00\x00\x00\x00\x00}}
DEBUG qtp321412515-21 org.eclipse.jetty.server.HttpInput - HttpInputOverHTTP@2e601bcb[c=344,q=1,[0]=EOF,s=STREAM] read 1 from Content@64fd8b3c{HeapByteBufferR@39cbebff[p=701,l=765,c=8192,r=64]={POST / HT...e0e1dc0<<<386393d94f9feb24722c98&Fr...2&ApiVersion=2010-04-01>>>\x00\x00\x00\x00\x00\x00\x00\x00\x00...\x00\x00\x00\x00\x00\x00\x00}}
DEBUG qtp321412515-21 org.eclipse.jetty.server.HttpInput - HttpInputOverHTTP@2e601bcb[c=345,q=1,[0]=EOF,s=STREAM] read 1 from Content@64fd8b3c{HeapByteBufferR@39cbebff[p=702,l=765,c=8192,r=63]={POST / HT...0e1dc03<<<86393d94f9feb24722c98&Fro...2&ApiVersion=2010-04-01>>>\x00\x00\x00\x00\x00\x00\x00\x00\x00...\x00\x00\x00\x00\x00\x00\x00}}
DEBUG qtp321412515-21 org.eclipse.jetty.server.HttpInput - HttpInputOverHTTP@2e601bcb[c=346,q=1,[0]=EOF,s=STREAM] read 1 from Content@64fd8b3c{HeapByteBufferR@39cbebff[p=703,l=765,c=8192,r=62]={POST / HT...e1dc038<<<6393d94f9feb24722c98&From...2&ApiVersion=2010-04-01>>>\x00\x00\x00\x00\x00\x00\x00\x00\x00...\x00\x00\x00\x00\x00\x00\x00}}
DEBUG qtp321412515-21 org.eclipse.jetty.server.HttpInput - HttpInputOverHTTP@2e601bcb[c=347,q=1,[0]=EOF,s=STREAM] read 1 from Content@64fd8b3c{HeapByteBufferR@39cbebff[p=704,l=765,c=8192,r=61]={POST / HT...1dc0386<<<393d94f9feb24722c98&From=...2&ApiVersion=2010-04-01>>>\x00\x00\x00\x00\x00\x00\x00\x00\x00...\x00\x00\x00\x00\x00\x00\x00}}
DEBUG qtp321412515-21 org.eclipse.jetty.server.HttpInput - HttpInputOverHTTP@2e601bcb[c=348,q=1,[0]=EOF,s=STREAM] read 1 from Content@64fd8b3c{HeapByteBufferR@39cbebff[p=705,l=765,c=8192,r=60]={POST / HT...dc03863<<<93d94f9feb24722c98&From=%...2&ApiVersion=2010-04-01>>>\x00\x00\x00\x00\x00\x00\x00\x00\x00...\x00\x00\x00\x00\x00\x00\x00}}
DEBUG qtp321412515-21 org.eclipse.jetty.server.HttpInput - HttpInputOverHTTP@2e601bcb[c=349,q=1,[0]=EOF,s=STREAM] read 1 from Content@64fd8b3c{HeapByteBufferR@39cbebff[p=706,l=765,c=8192,r=59]={POST / HT...c038639<<<3d94f9feb24722c98&From=%2...2&ApiVersion=2010-04-01>>>\x00\x00\x00\x00\x00\x00\x00\x00\x00...\x00\x00\x00\x00\x00\x00\x00}}
DEBUG qtp321412515-21 org.eclipse.jetty.server.HttpInput - HttpInputOverHTTP@2e601bcb[c=350,q=1,[0]=EOF,s=STREAM] read 1 from Content@64fd8b3c{HeapByteBufferR@39cbebff[p=707,l=765,c=8192,r=58]={POST / HT...0386393<<<d94f9feb24722c98&From=%2B...2&ApiVersion=2010-04-01>>>\x00\x00\x00\x00\x00\x00\x00\x00\x00...\x00\x00\x00\x00\x00\x00\x00}}
DEBUG qtp321412515-21 org.eclipse.jetty.server.HttpInput - HttpInputOverHTTP@2e601bcb[c=351,q=1,[0]=EOF,s=STREAM] read 1 from Content@64fd8b3c{HeapByteBufferR@39cbebff[p=708,l=765,c=8192,r=57]={POST / HT...386393d<<<94f9feb24722c98&From=%2B1...2&ApiVersion=2010-04-01>>>\x00\x00\x00\x00\x00\x00\x00\x00\x00...\x00\x00\x00\x00\x00\x00\x00}}
DEBUG qtp321412515-21 org.eclipse.jetty.server.HttpInput - HttpInputOverHTTP@2e601bcb[c=352,q=1,[0]=EOF,s=STREAM] read 1 from Content@64fd8b3c{HeapByteBufferR@39cbebff[p=709,l=765,c=8192,r=56]={POST / HT...86393d9<<<4f9feb24722c98&From=%2B12...2&ApiVersion=2010-04-01>>>\x00\x00\x00\x00\x00\x00\x00\x00\x00...\x00\x00\x00\x00\x00\x00\x00}}
DEBUG qtp321412515-21 org.eclipse.jetty.server.HttpInput - HttpInputOverHTTP@2e601bcb[c=353,q=1,[0]=EOF,s=STREAM] read 1 from Content@64fd8b3c{HeapByteBufferR@39cbebff[p=710,l=765,c=8192,r=55]={POST / HT...6393d94<<<f9feb24722c98&From=%2B120...2&ApiVersion=2010-04-01>>>\x00\x00\x00\x00\x00\x00\x00\x00\x00...\x00\x00\x00\x00\x00\x00\x00}}
DEBUG qtp321412515-21 org.eclipse.jetty.server.HttpInput - HttpInputOverHTTP@2e601bcb[c=354,q=1,[0]=EOF,s=STREAM] read 1 from Content@64fd8b3c{HeapByteBufferR@39cbebff[p=711,l=765,c=8192,r=54]={POST / HT...393d94f<<<9feb24722c98&From=%2B1206...2&ApiVersion=2010-04-01>>>\x00\x00\x00\x00\x00\x00\x00\x00\x00...\x00\x00\x00\x00\x00\x00\x00}}
DEBUG qtp321412515-21 org.eclipse.jetty.server.HttpInput - HttpInputOverHTTP@2e601bcb[c=355,q=1,[0]=EOF,s=STREAM] read 1 from Content@64fd8b3c{HeapByteBufferR@39cbebff[p=712,l=765,c=8192,r=53]={POST / HT...93d94f9<<<feb24722c98&From=%2B12062...2&ApiVersion=2010-04-01>>>\x00\x00\x00\x00\x00\x00\x00\x00\x00...\x00\x00\x00\x00\x00\x00\x00}}
DEBUG qtp321412515-21 org.eclipse.jetty.server.HttpInput - HttpInputOverHTTP@2e601bcb[c=356,q=1,[0]=EOF,s=STREAM] read 1 from Content@64fd8b3c{HeapByteBufferR@39cbebff[p=713,l=765,c=8192,r=52]={POST / HT...3d94f9f<<<eb24722c98&From=%2B120626...2&ApiVersion=2010-04-01>>>\x00\x00\x00\x00\x00\x00\x00\x00\x00...\x00\x00\x00\x00\x00\x00\x00}}
DEBUG qtp321412515-21 org.eclipse.jetty.server.HttpInput - HttpInputOverHTTP@2e601bcb[c=357,q=1,[0]=EOF,s=STREAM] read 1 from Content@64fd8b3c{HeapByteBufferR@39cbebff[p=714,l=765,c=8192,r=51]={POST / HT...d94f9fe<<<b24722c98&From=%2B1206261...2&ApiVersion=2010-04-01>>>\x00\x00\x00\x00\x00\x00\x00\x00\x00...\x00\x00\x00\x00\x00\x00\x00}}
DEBUG qtp321412515-21 org.eclipse.jetty.server.HttpInput - HttpInputOverHTTP@2e601bcb[c=358,q=1,[0]=EOF,s=STREAM] read 1 from Content@64fd8b3c{HeapByteBufferR@39cbebff[p=715,l=765,c=8192,r=50]={POST / HT...94f9feb<<<24722c98&From=%2B12062616...2&ApiVersion=2010-04-01>>>\x00\x00\x00\x00\x00\x00\x00\x00\x00...\x00\x00\x00\x00\x00\x00\x00}}
DEBUG qtp321412515-21 org.eclipse.jetty.server.HttpInput - HttpInputOverHTTP@2e601bcb[c=359,q=1,[0]=EOF,s=STREAM] read 1 from Content@64fd8b3c{HeapByteBufferR@39cbebff[p=716,l=765,c=8192,r=49]={POST / HT...4f9feb2<<<4722c98&From=%2B120626163...2&ApiVersion=2010-04-01>>>\x00\x00\x00\x00\x00\x00\x00\x00\x00...\x00\x00\x00\x00\x00\x00\x00}}
DEBUG qtp321412515-21 org.eclipse.jetty.server.HttpInput - HttpInputOverHTTP@2e601bcb[c=360,q=1,[0]=EOF,s=STREAM] read 1 from Content@64fd8b3c{HeapByteBufferR@39cbebff[p=717,l=765,c=8192,r=48]={POST / HT...f9feb24<<<722c98&From=%2B12062616352&ApiVersion=2010-04-01>>>\x00\x00\x00\x00\x00\x00\x00\x00\x00...\x00\x00\x00\x00\x00\x00\x00}}
DEBUG qtp321412515-21 org.eclipse.jetty.server.HttpInput - HttpInputOverHTTP@2e601bcb[c=361,q=1,[0]=EOF,s=STREAM] read 1 from Content@64fd8b3c{HeapByteBufferR@39cbebff[p=718,l=765,c=8192,r=47]={POST / HT...9feb247<<<22c98&From=%2B12062616352&ApiVersion=2010-04-01>>>\x00\x00\x00\x00\x00\x00\x00\x00\x00...\x00\x00\x00\x00\x00\x00\x00}}
DEBUG qtp321412515-21 org.eclipse.jetty.server.HttpInput - HttpInputOverHTTP@2e601bcb[c=362,q=1,[0]=EOF,s=STREAM] read 1 from Content@64fd8b3c{HeapByteBufferR@39cbebff[p=719,l=765,c=8192,r=46]={POST / HT...feb2472<<<2c98&From=%2B12062616352&ApiVersion=2010-04-01>>>\x00\x00\x00\x00\x00\x00\x00\x00\x00...\x00\x00\x00\x00\x00\x00\x00}}
DEBUG qtp321412515-21 org.eclipse.jetty.server.HttpInput - HttpInputOverHTTP@2e601bcb[c=363,q=1,[0]=EOF,s=STREAM] read 1 from Content@64fd8b3c{HeapByteBufferR@39cbebff[p=720,l=765,c=8192,r=45]={POST / HT...eb24722<<<c98&From=%2B12062616352&ApiVersion=2010-04-01>>>\x00\x00\x00\x00\x00\x00\x00\x00\x00...\x00\x00\x00\x00\x00\x00\x00}}
DEBUG qtp321412515-21 org.eclipse.jetty.server.HttpInput - HttpInputOverHTTP@2e601bcb[c=364,q=1,[0]=EOF,s=STREAM] read 1 from Content@64fd8b3c{HeapByteBufferR@39cbebff[p=721,l=765,c=8192,r=44]={POST / HT...b24722c<<<98&From=%2B12062616352&ApiVersion=2010-04-01>>>\x00\x00\x00\x00\x00\x00\x00\x00\x00...\x00\x00\x00\x00\x00\x00\x00}}
DEBUG qtp321412515-21 org.eclipse.jetty.server.HttpInput - HttpInputOverHTTP@2e601bcb[c=365,q=1,[0]=EOF,s=STREAM] read 1 from Content@64fd8b3c{HeapByteBufferR@39cbebff[p=722,l=765,c=8192,r=43]={POST / HT...24722c9<<<8&From=%2B12062616352&ApiVersion=2010-04-01>>>\x00\x00\x00\x00\x00\x00\x00\x00\x00...\x00\x00\x00\x00\x00\x00\x00}}
DEBUG qtp321412515-21 org.eclipse.jetty.server.HttpInput - HttpInputOverHTTP@2e601bcb[c=366,q=1,[0]=EOF,s=STREAM] read 1 from Content@64fd8b3c{HeapByteBufferR@39cbebff[p=723,l=765,c=8192,r=42]={POST / HT...4722c98<<<&From=%2B12062616352&ApiVersion=2010-04-01>>>\x00\x00\x00\x00\x00\x00\x00\x00\x00...\x00\x00\x00\x00\x00\x00\x00}}
DEBUG qtp321412515-21 org.eclipse.jetty.server.HttpInput - HttpInputOverHTTP@2e601bcb[c=367,q=1,[0]=EOF,s=STREAM] read 1 from Content@64fd8b3c{HeapByteBufferR@39cbebff[p=724,l=765,c=8192,r=41]={POST / HT...722c98&<<<From=%2B12062616352&ApiVersion=2010-04-01>>>\x00\x00\x00\x00\x00\x00\x00\x00\x00...\x00\x00\x00\x00\x00\x00\x00}}
DEBUG qtp321412515-21 org.eclipse.jetty.server.HttpInput - HttpInputOverHTTP@2e601bcb[c=368,q=1,[0]=EOF,s=STREAM] read 1 from Content@64fd8b3c{HeapByteBufferR@39cbebff[p=725,l=765,c=8192,r=40]={POST / HT...22c98&F<<<rom=%2B12062616352&ApiVersion=2010-04-01>>>\x00\x00\x00\x00\x00\x00\x00\x00\x00...\x00\x00\x00\x00\x00\x00\x00}}
DEBUG qtp321412515-21 org.eclipse.jetty.server.HttpInput - HttpInputOverHTTP@2e601bcb[c=369,q=1,[0]=EOF,s=STREAM] read 1 from Content@64fd8b3c{HeapByteBufferR@39cbebff[p=726,l=765,c=8192,r=39]={POST / HT...2c98&Fr<<<om=%2B12062616352&ApiVersion=2010-04-01>>>\x00\x00\x00\x00\x00\x00\x00\x00\x00...\x00\x00\x00\x00\x00\x00\x00}}
DEBUG qtp321412515-21 org.eclipse.jetty.server.HttpInput - HttpInputOverHTTP@2e601bcb[c=370,q=1,[0]=EOF,s=STREAM] read 1 from Content@64fd8b3c{HeapByteBufferR@39cbebff[p=727,l=765,c=8192,r=38]={POST / HT...c98&Fro<<<m=%2B12062616352&ApiVersion=2010-04-01>>>\x00\x00\x00\x00\x00\x00\x00\x00\x00...\x00\x00\x00\x00\x00\x00\x00}}
DEBUG qtp321412515-21 org.eclipse.jetty.server.HttpInput - HttpInputOverHTTP@2e601bcb[c=371,q=1,[0]=EOF,s=STREAM] read 1 from Content@64fd8b3c{HeapByteBufferR@39cbebff[p=728,l=765,c=8192,r=37]={POST / HT...98&From<<<=%2B12062616352&ApiVersion=2010-04-01>>>\x00\x00\x00\x00\x00\x00\x00\x00\x00...\x00\x00\x00\x00\x00\x00\x00}}
DEBUG qtp321412515-21 org.eclipse.jetty.server.HttpInput - HttpInputOverHTTP@2e601bcb[c=372,q=1,[0]=EOF,s=STREAM] read 1 from Content@64fd8b3c{HeapByteBufferR@39cbebff[p=729,l=765,c=8192,r=36]={POST / HT...8&From=<<<%2B12062616352&ApiVersion=2010-04-01>>>\x00\x00\x00\x00\x00\x00\x00\x00\x00...\x00\x00\x00\x00\x00\x00\x00}}
DEBUG qtp321412515-21 org.eclipse.jetty.server.HttpInput - HttpInputOverHTTP@2e601bcb[c=373,q=1,[0]=EOF,s=STREAM] read 1 from Content@64fd8b3c{HeapByteBufferR@39cbebff[p=730,l=765,c=8192,r=35]={POST / HT...&From=%<<<2B12062616352&ApiVersion=2010-04-01>>>\x00\x00\x00\x00\x00\x00\x00\x00\x00...\x00\x00\x00\x00\x00\x00\x00}}
DEBUG qtp321412515-21 org.eclipse.jetty.server.HttpInput - HttpInputOverHTTP@2e601bcb[c=374,q=1,[0]=EOF,s=STREAM] read 1 from Content@64fd8b3c{HeapByteBufferR@39cbebff[p=731,l=765,c=8192,r=34]={POST / HT...From=%2<<<B12062616352&ApiVersion=2010-04-01>>>\x00\x00\x00\x00\x00\x00\x00\x00\x00...\x00\x00\x00\x00\x00\x00\x00}}
DEBUG qtp321412515-21 org.eclipse.jetty.server.HttpInput - HttpInputOverHTTP@2e601bcb[c=375,q=1,[0]=EOF,s=STREAM] read 1 from Content@64fd8b3c{HeapByteBufferR@39cbebff[p=732,l=765,c=8192,r=33]={POST / HT...rom=%2B<<<12062616352&ApiVersion=2010-04-01>>>\x00\x00\x00\x00\x00\x00\x00\x00\x00...\x00\x00\x00\x00\x00\x00\x00}}
DEBUG qtp321412515-21 org.eclipse.jetty.server.HttpInput - HttpInputOverHTTP@2e601bcb[c=376,q=1,[0]=EOF,s=STREAM] read 1 from Content@64fd8b3c{HeapByteBufferR@39cbebff[p=733,l=765,c=8192,r=32]={POST / HT...om=%2B1<<<2062616352&ApiVersion=2010-04-01>>>\x00\x00\x00\x00\x00\x00\x00\x00\x00...\x00\x00\x00\x00\x00\x00\x00}}
DEBUG qtp321412515-21 org.eclipse.jetty.server.HttpInput - HttpInputOverHTTP@2e601bcb[c=377,q=1,[0]=EOF,s=STREAM] read 1 from Content@64fd8b3c{HeapByteBufferR@39cbebff[p=734,l=765,c=8192,r=31]={POST / HT...m=%2B12<<<062616352&ApiVersion=2010-04-01>>>\x00\x00\x00\x00\x00\x00\x00\x00\x00...\x00\x00\x00\x00\x00\x00\x00}}
DEBUG qtp321412515-21 org.eclipse.jetty.server.HttpInput - HttpInputOverHTTP@2e601bcb[c=378,q=1,[0]=EOF,s=STREAM] read 1 from Content@64fd8b3c{HeapByteBufferR@39cbebff[p=735,l=765,c=8192,r=30]={POST / HT...=%2B120<<<62616352&ApiVersion=2010-04-01>>>\x00\x00\x00\x00\x00\x00\x00\x00\x00...\x00\x00\x00\x00\x00\x00\x00}}
DEBUG qtp321412515-21 org.eclipse.jetty.server.HttpInput - HttpInputOverHTTP@2e601bcb[c=379,q=1,[0]=EOF,s=STREAM] read 1 from Content@64fd8b3c{HeapByteBufferR@39cbebff[p=736,l=765,c=8192,r=29]={POST / HT...%2B1206<<<2616352&ApiVersion=2010-04-01>>>\x00\x00\x00\x00\x00\x00\x00\x00\x00...\x00\x00\x00\x00\x00\x00\x00}}
DEBUG qtp321412515-21 org.eclipse.jetty.server.HttpInput - HttpInputOverHTTP@2e601bcb[c=380,q=1,[0]=EOF,s=STREAM] read 1 from Content@64fd8b3c{HeapByteBufferR@39cbebff[p=737,l=765,c=8192,r=28]={POST / HT...2B12062<<<616352&ApiVersion=2010-04-01>>>\x00\x00\x00\x00\x00\x00\x00\x00\x00...\x00\x00\x00\x00\x00\x00\x00}}
DEBUG qtp321412515-21 org.eclipse.jetty.server.HttpInput - HttpInputOverHTTP@2e601bcb[c=381,q=1,[0]=EOF,s=STREAM] read 1 from Content@64fd8b3c{HeapByteBufferR@39cbebff[p=738,l=765,c=8192,r=27]={POST / HT...B120626<<<16352&ApiVersion=2010-04-01>>>\x00\x00\x00\x00\x00\x00\x00\x00\x00...\x00\x00\x00\x00\x00\x00\x00}}
DEBUG qtp321412515-21 org.eclipse.jetty.server.HttpInput - HttpInputOverHTTP@2e601bcb[c=382,q=1,[0]=EOF,s=STREAM] read 1 from Content@64fd8b3c{HeapByteBufferR@39cbebff[p=739,l=765,c=8192,r=26]={POST / HT...1206261<<<6352&ApiVersion=2010-04-01>>>\x00\x00\x00\x00\x00\x00\x00\x00\x00...\x00\x00\x00\x00\x00\x00\x00}}
DEBUG qtp321412515-21 org.eclipse.jetty.server.HttpInput - HttpInputOverHTTP@2e601bcb[c=383,q=1,[0]=EOF,s=STREAM] read 1 from Content@64fd8b3c{HeapByteBufferR@39cbebff[p=740,l=765,c=8192,r=25]={POST / HT...2062616<<<352&ApiVersion=2010-04-01>>>\x00\x00\x00\x00\x00\x00\x00\x00\x00...\x00\x00\x00\x00\x00\x00\x00}}
DEBUG qtp321412515-21 org.eclipse.jetty.server.HttpInput - HttpInputOverHTTP@2e601bcb[c=384,q=1,[0]=EOF,s=STREAM] read 1 from Content@64fd8b3c{HeapByteBufferR@39cbebff[p=741,l=765,c=8192,r=24]={POST / HT...0626163<<<52&ApiVersion=2010-04-01>>>\x00\x00\x00\x00\x00\x00\x00\x00\x00...\x00\x00\x00\x00\x00\x00\x00}}
DEBUG qtp321412515-21 org.eclipse.jetty.server.HttpInput - HttpInputOverHTTP@2e601bcb[c=385,q=1,[0]=EOF,s=STREAM] read 1 from Content@64fd8b3c{HeapByteBufferR@39cbebff[p=742,l=765,c=8192,r=23]={POST / HT...6261635<<<2&ApiVersion=2010-04-01>>>\x00\x00\x00\x00\x00\x00\x00\x00\x00...\x00\x00\x00\x00\x00\x00\x00}}
DEBUG qtp321412515-21 org.eclipse.jetty.server.HttpInput - HttpInputOverHTTP@2e601bcb[c=386,q=1,[0]=EOF,s=STREAM] read 1 from Content@64fd8b3c{HeapByteBufferR@39cbebff[p=743,l=765,c=8192,r=22]={POST / HT...2616352<<<&ApiVersion=2010-04-01>>>\x00\x00\x00\x00\x00\x00\x00\x00\x00...\x00\x00\x00\x00\x00\x00\x00}}
DEBUG qtp321412515-21 org.eclipse.jetty.server.HttpInput - HttpInputOverHTTP@2e601bcb[c=387,q=1,[0]=EOF,s=STREAM] read 1 from Content@64fd8b3c{HeapByteBufferR@39cbebff[p=744,l=765,c=8192,r=21]={POST / HT...616352&<<<ApiVersion=2010-04-01>>>\x00\x00\x00\x00\x00\x00\x00\x00\x00...\x00\x00\x00\x00\x00\x00\x00}}
DEBUG qtp321412515-21 org.eclipse.jetty.server.HttpInput - HttpInputOverHTTP@2e601bcb[c=388,q=1,[0]=EOF,s=STREAM] read 1 from Content@64fd8b3c{HeapByteBufferR@39cbebff[p=745,l=765,c=8192,r=20]={POST / HT...16352&A<<<piVersion=2010-04-01>>>\x00\x00\x00\x00\x00\x00\x00\x00\x00...\x00\x00\x00\x00\x00\x00\x00}}
DEBUG qtp321412515-21 org.eclipse.jetty.server.HttpInput - HttpInputOverHTTP@2e601bcb[c=389,q=1,[0]=EOF,s=STREAM] read 1 from Content@64fd8b3c{HeapByteBufferR@39cbebff[p=746,l=765,c=8192,r=19]={POST / HT...6352&Ap<<<iVersion=2010-04-01>>>\x00\x00\x00\x00\x00\x00\x00\x00\x00...\x00\x00\x00\x00\x00\x00\x00}}
DEBUG qtp321412515-21 org.eclipse.jetty.server.HttpInput - HttpInputOverHTTP@2e601bcb[c=390,q=1,[0]=EOF,s=STREAM] read 1 from Content@64fd8b3c{HeapByteBufferR@39cbebff[p=747,l=765,c=8192,r=18]={POST / HT...352&Api<<<Version=2010-04-01>>>\x00\x00\x00\x00\x00\x00\x00\x00\x00...\x00\x00\x00\x00\x00\x00\x00}}
DEBUG qtp321412515-21 org.eclipse.jetty.server.HttpInput - HttpInputOverHTTP@2e601bcb[c=391,q=1,[0]=EOF,s=STREAM] read 1 from Content@64fd8b3c{HeapByteBufferR@39cbebff[p=748,l=765,c=8192,r=17]={POST / HT...52&ApiV<<<ersion=2010-04-01>>>\x00\x00\x00\x00\x00\x00\x00\x00\x00...\x00\x00\x00\x00\x00\x00\x00}}
DEBUG qtp321412515-21 org.eclipse.jetty.server.HttpInput - HttpInputOverHTTP@2e601bcb[c=392,q=1,[0]=EOF,s=STREAM] read 1 from Content@64fd8b3c{HeapByteBufferR@39cbebff[p=749,l=765,c=8192,r=16]={POST / HT...2&ApiVe<<<rsion=2010-04-01>>>\x00\x00\x00\x00\x00\x00\x00\x00\x00...\x00\x00\x00\x00\x00\x00\x00}}
DEBUG qtp321412515-21 org.eclipse.jetty.server.HttpInput - HttpInputOverHTTP@2e601bcb[c=393,q=1,[0]=EOF,s=STREAM] read 1 from Content@64fd8b3c{HeapByteBufferR@39cbebff[p=750,l=765,c=8192,r=15]={POST / HT...&ApiVer<<<sion=2010-04-01>>>\x00\x00\x00\x00\x00\x00\x00\x00\x00...\x00\x00\x00\x00\x00\x00\x00}}
DEBUG qtp321412515-21 org.eclipse.jetty.server.HttpInput - HttpInputOverHTTP@2e601bcb[c=394,q=1,[0]=EOF,s=STREAM] read 1 from Content@64fd8b3c{HeapByteBufferR@39cbebff[p=751,l=765,c=8192,r=14]={POST / HT...ApiVers<<<ion=2010-04-01>>>\x00\x00\x00\x00\x00\x00\x00\x00\x00...\x00\x00\x00\x00\x00\x00\x00}}
DEBUG qtp321412515-21 org.eclipse.jetty.server.HttpInput - HttpInputOverHTTP@2e601bcb[c=395,q=1,[0]=EOF,s=STREAM] read 1 from Content@64fd8b3c{HeapByteBufferR@39cbebff[p=752,l=765,c=8192,r=13]={POST / HT...piVersi<<<on=2010-04-01>>>\x00\x00\x00\x00\x00\x00\x00\x00\x00...\x00\x00\x00\x00\x00\x00\x00}}
DEBUG qtp321412515-21 org.eclipse.jetty.server.HttpInput - HttpInputOverHTTP@2e601bcb[c=396,q=1,[0]=EOF,s=STREAM] read 1 from Content@64fd8b3c{HeapByteBufferR@39cbebff[p=753,l=765,c=8192,r=12]={POST / HT...iVersio<<<n=2010-04-01>>>\x00\x00\x00\x00\x00\x00\x00\x00\x00...\x00\x00\x00\x00\x00\x00\x00}}
DEBUG qtp321412515-21 org.eclipse.jetty.server.HttpInput - HttpInputOverHTTP@2e601bcb[c=397,q=1,[0]=EOF,s=STREAM] read 1 from Content@64fd8b3c{HeapByteBufferR@39cbebff[p=754,l=765,c=8192,r=11]={POST / HT...Version<<<=2010-04-01>>>\x00\x00\x00\x00\x00\x00\x00\x00\x00...\x00\x00\x00\x00\x00\x00\x00}}
DEBUG qtp321412515-21 org.eclipse.jetty.server.HttpInput - HttpInputOverHTTP@2e601bcb[c=398,q=1,[0]=EOF,s=STREAM] read 1 from Content@64fd8b3c{HeapByteBufferR@39cbebff[p=755,l=765,c=8192,r=10]={POST / HT...ersion=<<<2010-04-01>>>\x00\x00\x00\x00\x00\x00\x00\x00\x00...\x00\x00\x00\x00\x00\x00\x00}}
DEBUG qtp321412515-21 org.eclipse.jetty.server.HttpInput - HttpInputOverHTTP@2e601bcb[c=399,q=1,[0]=EOF,s=STREAM] read 1 from Content@64fd8b3c{HeapByteBufferR@39cbebff[p=756,l=765,c=8192,r=9]={POST / HT...rsion=2<<<010-04-01>>>\x00\x00\x00\x00\x00\x00\x00\x00\x00...\x00\x00\x00\x00\x00\x00\x00}}
DEBUG qtp321412515-21 org.eclipse.jetty.server.HttpInput - HttpInputOverHTTP@2e601bcb[c=400,q=1,[0]=EOF,s=STREAM] read 1 from Content@64fd8b3c{HeapByteBufferR@39cbebff[p=757,l=765,c=8192,r=8]={POST / HT...sion=20<<<10-04-01>>>\x00\x00\x00\x00\x00\x00\x00\x00\x00...\x00\x00\x00\x00\x00\x00\x00}}
DEBUG qtp321412515-21 org.eclipse.jetty.server.HttpInput - HttpInputOverHTTP@2e601bcb[c=401,q=1,[0]=EOF,s=STREAM] read 1 from Content@64fd8b3c{HeapByteBufferR@39cbebff[p=758,l=765,c=8192,r=7]={POST / HT...ion=201<<<0-04-01>>>\x00\x00\x00\x00\x00\x00\x00\x00\x00...\x00\x00\x00\x00\x00\x00\x00}}
DEBUG qtp321412515-21 org.eclipse.jetty.server.HttpInput - HttpInputOverHTTP@2e601bcb[c=402,q=1,[0]=EOF,s=STREAM] read 1 from Content@64fd8b3c{HeapByteBufferR@39cbebff[p=759,l=765,c=8192,r=6]={POST / HT...on=2010<<<-04-01>>>\x00\x00\x00\x00\x00\x00\x00\x00\x00...\x00\x00\x00\x00\x00\x00\x00}}
DEBUG qtp321412515-21 org.eclipse.jetty.server.HttpInput - HttpInputOverHTTP@2e601bcb[c=403,q=1,[0]=EOF,s=STREAM] read 1 from Content@64fd8b3c{HeapByteBufferR@39cbebff[p=760,l=765,c=8192,r=5]={POST / HT...n=2010-<<<04-01>>>\x00\x00\x00\x00\x00\x00\x00\x00\x00...\x00\x00\x00\x00\x00\x00\x00}}
DEBUG qtp321412515-21 org.eclipse.jetty.server.HttpInput - HttpInputOverHTTP@2e601bcb[c=404,q=1,[0]=EOF,s=STREAM] read 1 from Content@64fd8b3c{HeapByteBufferR@39cbebff[p=761,l=765,c=8192,r=4]={POST / HT...=2010-0<<<4-01>>>\x00\x00\x00\x00\x00\x00\x00\x00\x00...\x00\x00\x00\x00\x00\x00\x00}}
DEBUG qtp321412515-21 org.eclipse.jetty.server.HttpInput - HttpInputOverHTTP@2e601bcb[c=405,q=1,[0]=EOF,s=STREAM] read 1 from Content@64fd8b3c{HeapByteBufferR@39cbebff[p=762,l=765,c=8192,r=3]={POST / HT...2010-04<<<-01>>>\x00\x00\x00\x00\x00\x00\x00\x00\x00...\x00\x00\x00\x00\x00\x00\x00}}
DEBUG qtp321412515-21 org.eclipse.jetty.server.HttpInput - HttpInputOverHTTP@2e601bcb[c=406,q=1,[0]=EOF,s=STREAM] read 1 from Content@64fd8b3c{HeapByteBufferR@39cbebff[p=763,l=765,c=8192,r=2]={POST / HT...010-04-<<<01>>>\x00\x00\x00\x00\x00\x00\x00\x00\x00...\x00\x00\x00\x00\x00\x00\x00}}
DEBUG qtp321412515-21 org.eclipse.jetty.server.HttpInput - HttpInputOverHTTP@2e601bcb[c=407,q=1,[0]=EOF,s=STREAM] read 1 from Content@64fd8b3c{HeapByteBufferR@39cbebff[p=764,l=765,c=8192,r=1]={POST / HT...10-04-0<<<1>>>\x00\x00\x00\x00\x00\x00\x00\x00\x00...\x00\x00\x00\x00\x00\x00\x00}}
DEBUG qtp321412515-21 org.eclipse.jetty.server.HttpInput - HttpInputOverHTTP@2e601bcb[c=408,q=1,[0]=EOF,s=STREAM] read 1 from Content@64fd8b3c{HeapByteBufferR@39cbebff[p=765,l=765,c=8192,r=0]={POST / HT...0-04-01<<<>>>\x00\x00\x00\x00\x00\x00\x00\x00\x00...\x00\x00\x00\x00\x00\x00\x00}}
DEBUG qtp321412515-21 org.eclipse.jetty.server.HttpConnection - releaseRequestBuffer HttpConnection@5652d67d::SocketChannelEndPoint@218de944{l=/127.0.0.1:4567,r=/127.0.0.1:53274,OPEN,fill=-,flush=-,to=103/3600000}{io=0/0,kio=0,kro=1}->HttpConnection@5652d67d[p=HttpParser{s=END,408 of 408},g=HttpGenerator@6995e94e{s=START}]=>HttpChannelOverHttp@2152cf1c{s=HttpChannelState@36e7011f{s=HANDLING rs=BLOCKING os=OPEN is=IDLE awp=false se=false i=true al=0},r=1,c=false/false,a=HANDLING,uri=http://bb5916020ba4.ngrok.io/,age=92}
DEBUG qtp321412515-21 org.eclipse.jetty.server.HttpChannelState - onEof HttpChannelState@36e7011f{s=HANDLING rs=BLOCKING os=OPEN is=IDLE awp=false se=false i=true al=0}
DEBUG qtp321412515-21 org.eclipse.jetty.server.HttpOutput - write(array HeapByteBuffer@51a39b17[p=0,l=264,c=264,r=264]={<<<<?xml version="1.0" encod...y></Message></Response>>>>})
DEBUG qtp321412515-21 org.eclipse.jetty.server.HttpOutput - write(array) s=OPEN,api=BLOCKING,sc=false,e=null aggregated !flush DirectByteBuffer@1de56987[p=0,l=264,c=32768,r=264]={<<<<?xml version="1.0" encod...y></Message></Response>>>>\x00\x00\x00\x00\x00\x00\x00\x00\x00...\x00\x00\x00\x00\x00\x00\x00}
DEBUG qtp321412515-21 org.eclipse.jetty.server.HttpChannel - sendResponse info=null content=DirectByteBuffer@1de56987[p=0,l=264,c=32768,r=264]={<<<<?xml version="1.0" encod...y></Message></Response>>>>\x00\x00\x00\x00\x00\x00\x00\x00\x00...\x00\x00\x00\x00\x00\x00\x00} complete=false committing=true callback=Blocker@50d3220f{null}
DEBUG qtp321412515-21 org.eclipse.jetty.server.HttpChannel - COMMIT for / on HttpChannelOverHttp@2152cf1c{s=HttpChannelState@36e7011f{s=HANDLING rs=BLOCKING os=COMMITTED is=READY awp=false se=false i=true al=0},r=1,c=false/false,a=HANDLING,uri=http://bb5916020ba4.ngrok.io/,age=150}
200 null HTTP/1.1
Date: Tue, 09 Feb 2021 00:36:40 GMT
Content-Type: application/xml


DEBUG qtp321412515-21 org.eclipse.jetty.server.HttpConnection - generate: NEED_HEADER for org.eclipse.jetty.server.HttpConnection$SendCallback@19498f1c[PROCESSING][i=HTTP/1.1{s=200,h=2,cl=-1},cb=org.eclipse.jetty.server.HttpChannel$SendCallback@ecb4a17] (null,[p=0,l=264,c=32768,r=264],false)@START
DEBUG qtp321412515-21 org.eclipse.jetty.http.HttpGenerator - generateHeaders HTTP/1.1{s=200,h=2,cl=-1} last=false content=DirectByteBuffer@1de56987[p=0,l=264,c=32768,r=264]={<<<<?xml version="1.0" encod...y></Message></Response>>>>\x00\x00\x00\x00\x00\x00\x00\x00\x00...\x00\x00\x00\x00\x00\x00\x00}
DEBUG qtp321412515-21 org.eclipse.jetty.http.HttpGenerator - Date: Tue, 09 Feb 2021 00:36:40 GMT
Content-Type: application/xml


DEBUG qtp321412515-21 org.eclipse.jetty.http.HttpGenerator - CHUNKED_CONTENT
DEBUG qtp321412515-21 org.eclipse.jetty.server.HttpConnection - generate: FLUSH for org.eclipse.jetty.server.HttpConnection$SendCallback@19498f1c[PROCESSING][i=HTTP/1.1{s=200,h=2,cl=-1},cb=org.eclipse.jetty.server.HttpChannel$SendCallback@ecb4a17] ([p=0,l=153,c=8192,r=153],[p=0,l=264,c=32768,r=264],false)@COMMITTED
DEBUG qtp321412515-21 org.eclipse.jetty.io.WriteFlusher - write: WriteFlusher@7ed8596a{IDLE}->null [HeapByteBuffer@5962a66d[p=0,l=153,c=8192,r=153]={<<<HTTP/1.1 200 OK\r\nDate: Tu....31.v20200723)\r\n\r\n108\r\n>>>ded\r\nI-Tw...\x00\x00\x00\x00\x00\x00\x00},DirectByteBuffer@1de56987[p=0,l=264,c=32768,r=264]={<<<<?xml version="1.0" encod...y></Message></Response>>>>\x00\x00\x00\x00\x00\x00\x00\x00\x00...\x00\x00\x00\x00\x00\x00\x00}]
DEBUG qtp321412515-21 org.eclipse.jetty.io.WriteFlusher - update WriteFlusher@7ed8596a{WRITING}->null:IDLE-->WRITING
DEBUG qtp321412515-21 org.eclipse.jetty.io.ChannelEndPoint - flushed 417 SocketChannelEndPoint@218de944{l=/127.0.0.1:4567,r=/127.0.0.1:53274,OPEN,fill=-,flush=W,to=165/3600000}{io=0/0,kio=0,kro=1}->HttpConnection@5652d67d[p=HttpParser{s=END,408 of 408},g=HttpGenerator@6995e94e{s=COMMITTED}]=>HttpChannelOverHttp@2152cf1c{s=HttpChannelState@36e7011f{s=HANDLING rs=BLOCKING os=COMMITTED is=READY awp=false se=false i=true al=0},r=1,c=false/false,a=HANDLING,uri=http://bb5916020ba4.ngrok.io/,age=154}
DEBUG qtp321412515-21 org.eclipse.jetty.io.WriteFlusher - Flushed=true written=417 remaining=0 WriteFlusher@7ed8596a{WRITING}->null
DEBUG qtp321412515-21 org.eclipse.jetty.io.WriteFlusher - update WriteFlusher@7ed8596a{IDLE}->null:WRITING-->IDLE
DEBUG qtp321412515-21 org.eclipse.jetty.server.HttpConnection - generate: DONE for org.eclipse.jetty.server.HttpConnection$SendCallback@19498f1c[PROCESSING][i=HTTP/1.1{s=200,h=2,cl=-1},cb=org.eclipse.jetty.server.HttpChannel$SendCallback@ecb4a17] ([p=153,l=153,c=8192,r=0],[p=264,l=264,c=32768,r=0],false)@COMMITTED
DEBUG qtp321412515-21 org.eclipse.jetty.server.HttpOutput - onWriteComplete(false,null) s=OPEN,api=BLOCKED,sc=false,e=null->s=OPEN,api=BLOCKING,sc=false,e=null c=null cb=null w=false
DEBUG qtp321412515-21 org.eclipse.jetty.server.HttpOutput - close() s=CLOSING,api=BLOCKED,sc=false,e=null c=HeapByteBuffer@2a173f54[p=0,l=0,c=0,r=0]={<<<>>>} b=Blocker@50d3220f{null}
DEBUG qtp321412515-21 org.eclipse.jetty.server.HttpChannel - sendResponse info=null content=HeapByteBuffer@2a173f54[p=0,l=0,c=0,r=0]={<<<>>>} complete=true committing=false callback=Blocker@50d3220f{null}
DEBUG qtp321412515-21 org.eclipse.jetty.server.HttpConnection - generate: CONTINUE for org.eclipse.jetty.server.HttpConnection$SendCallback@19498f1c[PROCESSING][i=null,cb=org.eclipse.jetty.server.HttpChannel$SendCallback@7b5b4f8] (null,[p=0,l=0,c=0,r=0],true)@COMPLETING
DEBUG qtp321412515-21 org.eclipse.jetty.server.HttpConnection - generate: NEED_CHUNK for org.eclipse.jetty.server.HttpConnection$SendCallback@19498f1c[PROCESSING][i=null,cb=org.eclipse.jetty.server.HttpChannel$SendCallback@7b5b4f8] (null,[p=0,l=0,c=0,r=0],true)@COMPLETING
DEBUG qtp321412515-21 org.eclipse.jetty.server.HttpConnection - generate: FLUSH for org.eclipse.jetty.server.HttpConnection$SendCallback@19498f1c[PROCESSING][i=null,cb=org.eclipse.jetty.server.HttpChannel$SendCallback@7b5b4f8] (null,[p=0,l=0,c=0,r=0],true)@COMPLETING
DEBUG qtp321412515-21 org.eclipse.jetty.io.WriteFlusher - write: WriteFlusher@7ed8596a{IDLE}->null [HeapByteBuffer@4c51e992[p=0,l=7,c=1024,r=7]={<<<\r\n0\r\n\r\n>>>\x00\x00\x00\x00\x00\x00\x00\x00\x00...\x00\x00\x00\x00\x00\x00\x00}]
DEBUG qtp321412515-21 org.eclipse.jetty.io.WriteFlusher - update WriteFlusher@7ed8596a{WRITING}->null:IDLE-->WRITING
DEBUG qtp321412515-21 org.eclipse.jetty.io.ChannelEndPoint - flushed 7 SocketChannelEndPoint@218de944{l=/127.0.0.1:4567,r=/127.0.0.1:53274,OPEN,fill=-,flush=W,to=1/3600000}{io=0/0,kio=0,kro=1}->HttpConnection@5652d67d[p=HttpParser{s=END,408 of 408},g=HttpGenerator@6995e94e{s=COMPLETING}]=>HttpChannelOverHttp@2152cf1c{s=HttpChannelState@36e7011f{s=HANDLING rs=BLOCKING os=COMMITTED is=READY awp=false se=false i=true al=0},r=1,c=false/false,a=HANDLING,uri=http://bb5916020ba4.ngrok.io/,age=156}
DEBUG qtp321412515-21 org.eclipse.jetty.io.WriteFlusher - Flushed=true written=7 remaining=0 WriteFlusher@7ed8596a{WRITING}->null
DEBUG qtp321412515-21 org.eclipse.jetty.io.WriteFlusher - update WriteFlusher@7ed8596a{IDLE}->null:WRITING-->IDLE
DEBUG qtp321412515-21 org.eclipse.jetty.server.HttpConnection - generate: DONE for org.eclipse.jetty.server.HttpConnection$SendCallback@19498f1c[PROCESSING][i=null,cb=org.eclipse.jetty.server.HttpChannel$SendCallback@7b5b4f8] (null,[p=0,l=0,c=0,r=0],true)@END
DEBUG qtp321412515-21 org.eclipse.jetty.server.HttpOutput - onWriteComplete(true,null) s=CLOSING,api=BLOCKED,sc=false,e=null->s=CLOSED,api=BLOCKING,sc=false,e=null c=null cb=null w=false
DEBUG qtp321412515-21 org.eclipse.jetty.server.session - Leaving scope spark.embeddedserver.jetty.JettyHandler1478157817==dftMaxIdleSec=-1 dispatch=REQUEST, async=false, session=null, oldsession=null, oldsessionhandler=null
DEBUG qtp321412515-21 org.eclipse.jetty.server.Server - handled=true async=false committed=true on HttpChannelOverHttp@2152cf1c{s=HttpChannelState@36e7011f{s=HANDLING rs=BLOCKING os=COMPLETED is=READY awp=false se=false i=true al=0},r=1,c=false/true,a=HANDLING,uri=http://bb5916020ba4.ngrok.io/,age=157}
DEBUG qtp321412515-21 org.eclipse.jetty.server.HttpChannelState - unhandle HttpChannelState@36e7011f{s=HANDLING rs=BLOCKING os=COMPLETED is=READY awp=false se=false i=true al=0}
DEBUG qtp321412515-21 org.eclipse.jetty.server.HttpChannelState - nextAction(false) COMPLETE HttpChannelState@36e7011f{s=HANDLING rs=COMPLETING os=COMPLETED is=READY awp=false se=false i=false al=0}
DEBUG qtp321412515-21 org.eclipse.jetty.server.HttpChannel - action COMPLETE HttpChannelOverHttp@2152cf1c{s=HttpChannelState@36e7011f{s=HANDLING rs=COMPLETING os=COMPLETED is=READY awp=false se=false i=false al=0},r=1,c=false/true,a=HANDLING,uri=http://bb5916020ba4.ngrok.io/,age=157}
DEBUG qtp321412515-21 org.eclipse.jetty.server.HttpOutput - complete(org.eclipse.jetty.util.Callback$3@6a1ec562) s=CLOSED,api=BLOCKING,sc=false,e=null s=true e=null, c=null
DEBUG qtp321412515-21 org.eclipse.jetty.server.HttpChannelState - completed HttpChannelState@36e7011f{s=HANDLING rs=COMPLETING os=COMPLETED is=READY awp=false se=false i=false al=0}
DEBUG qtp321412515-21 org.eclipse.jetty.server.HttpChannelState - unhandle HttpChannelState@36e7011f{s=HANDLING rs=COMPLETED os=COMPLETED is=READY awp=false se=false i=false al=0}
DEBUG qtp321412515-21 org.eclipse.jetty.server.HttpChannelState - nextAction(false) TERMINATED HttpChannelState@36e7011f{s=IDLE rs=COMPLETED os=COMPLETED is=READY awp=false se=false i=false al=0}
DEBUG qtp321412515-21 org.eclipse.jetty.server.HttpChannel - action TERMINATED HttpChannelOverHttp@2152cf1c{s=HttpChannelState@36e7011f{s=IDLE rs=COMPLETED os=COMPLETED is=READY awp=false se=false i=false al=0},r=1,c=true/true,a=IDLE,uri=http://bb5916020ba4.ngrok.io/,age=158}
DEBUG qtp321412515-21 org.eclipse.jetty.server.HttpChannel - onCompleted for / written=264
DEBUG qtp321412515-21 org.eclipse.jetty.server.HttpChannelState - recycle HttpChannelState@36e7011f{s=IDLE rs=COMPLETED os=COMPLETED is=READY awp=false se=false i=false al=0}
DEBUG qtp321412515-21 org.eclipse.jetty.http.HttpParser - reset HttpParser{s=END,408 of 408}
DEBUG qtp321412515-21 org.eclipse.jetty.http.HttpParser - END --> START
DEBUG qtp321412515-21 org.eclipse.jetty.server.HttpChannel - !handle TERMINATED HttpChannelOverHttp@2152cf1c{s=HttpChannelState@36e7011f{s=IDLE rs=BLOCKING os=OPEN is=IDLE awp=false se=false i=true al=0},r=1,c=false/false,a=IDLE,uri=null,age=0}
DEBUG qtp321412515-21 org.eclipse.jetty.io.ChannelEndPoint - filled 0 HeapByteBuffer@5962a66d[p=0,l=0,c=8192,r=0]={<<<>>>HTTP/1.1 ...\x00\x00\x00\x00\x00\x00\x00}
DEBUG qtp321412515-21 org.eclipse.jetty.io.ChannelEndPoint - filled 0 HeapByteBuffer@5962a66d[p=0,l=0,c=8192,r=0]={<<<>>>HTTP/1.1 ...\x00\x00\x00\x00\x00\x00\x00}
DEBUG qtp321412515-21 org.eclipse.jetty.server.HttpConnection - HttpConnection@5652d67d::SocketChannelEndPoint@218de944{l=/127.0.0.1:4567,r=/127.0.0.1:53274,OPEN,fill=-,flush=-,to=6/3600000}{io=0/0,kio=0,kro=1}->HttpConnection@5652d67d[p=HttpParser{s=START,0 of -1},g=HttpGenerator@6995e94e{s=START}]=>HttpChannelOverHttp@2152cf1c{s=HttpChannelState@36e7011f{s=IDLE rs=BLOCKING os=OPEN is=IDLE awp=false se=false i=true al=0},r=1,c=false/false,a=IDLE,uri=null,age=0} filled 0 HeapByteBuffer@5962a66d[p=0,l=0,c=8192,r=0]={<<<>>>HTTP/1.1 ...\x00\x00\x00\x00\x00\x00\x00}
DEBUG qtp321412515-21 org.eclipse.jetty.server.HttpConnection - HttpConnection@5652d67d::SocketChannelEndPoint@218de944{l=/127.0.0.1:4567,r=/127.0.0.1:53274,OPEN,fill=-,flush=-,to=6/3600000}{io=0/0,kio=0,kro=1}->HttpConnection@5652d67d[p=HttpParser{s=START,0 of -1},g=HttpGenerator@6995e94e{s=START}]=>HttpChannelOverHttp@2152cf1c{s=HttpChannelState@36e7011f{s=IDLE rs=BLOCKING os=OPEN is=IDLE awp=false se=false i=true al=0},r=1,c=false/false,a=IDLE,uri=null,age=0} parse HeapByteBuffer@5962a66d[p=0,l=0,c=8192,r=0]={<<<>>>HTTP/1.1 ...\x00\x00\x00\x00\x00\x00\x00} {}
DEBUG qtp321412515-21 org.eclipse.jetty.http.HttpParser - parseNext s=START HeapByteBuffer@5962a66d[p=0,l=0,c=8192,r=0]={<<<>>>HTTP/1.1 ...\x00\x00\x00\x00\x00\x00\x00}
DEBUG qtp321412515-21 org.eclipse.jetty.server.HttpConnection - HttpConnection@5652d67d::SocketChannelEndPoint@218de944{l=/127.0.0.1:4567,r=/127.0.0.1:53274,OPEN,fill=-,flush=-,to=6/3600000}{io=0/0,kio=0,kro=1}->HttpConnection@5652d67d[p=HttpParser{s=START,0 of -1},g=HttpGenerator@6995e94e{s=START}]=>HttpChannelOverHttp@2152cf1c{s=HttpChannelState@36e7011f{s=IDLE rs=BLOCKING os=OPEN is=IDLE awp=false se=false i=true al=0},r=1,c=false/false,a=IDLE,uri=null,age=0} parsed false HttpParser{s=START,0 of -1}
DEBUG qtp321412515-21 org.eclipse.jetty.server.HttpConnection - releaseRequestBuffer HttpConnection@5652d67d::SocketChannelEndPoint@218de944{l=/127.0.0.1:4567,r=/127.0.0.1:53274,OPEN,fill=-,flush=-,to=7/3600000}{io=0/0,kio=0,kro=1}->HttpConnection@5652d67d[p=HttpParser{s=START,0 of -1},g=HttpGenerator@6995e94e{s=START}]=>HttpChannelOverHttp@2152cf1c{s=HttpChannelState@36e7011f{s=IDLE rs=BLOCKING os=OPEN is=IDLE awp=false se=false i=true al=0},r=1,c=false/false,a=IDLE,uri=null,age=0}
DEBUG qtp321412515-21 org.eclipse.jetty.io.AbstractConnection - fillInterested HttpConnection@5652d67d::SocketChannelEndPoint@218de944{l=/127.0.0.1:4567,r=/127.0.0.1:53274,OPEN,fill=-,flush=-,to=7/3600000}{io=0/0,kio=0,kro=1}->HttpConnection@5652d67d[p=HttpParser{s=START,0 of -1},g=HttpGenerator@6995e94e{s=START}]=>HttpChannelOverHttp@2152cf1c{s=HttpChannelState@36e7011f{s=IDLE rs=BLOCKING os=OPEN is=IDLE awp=false se=false i=true al=0},r=1,c=false/false,a=IDLE,uri=null,age=0}
DEBUG qtp321412515-21 org.eclipse.jetty.io.FillInterest - interested FillInterest@64e9bfc9{AC.ReadCB@5652d67d{HttpConnection@5652d67d::SocketChannelEndPoint@218de944{l=/127.0.0.1:4567,r=/127.0.0.1:53274,OPEN,fill=FI,flush=-,to=0/3600000}{io=0/0,kio=0,kro=1}->HttpConnection@5652d67d[p=HttpParser{s=START,0 of -1},g=HttpGenerator@6995e94e{s=START}]=>HttpChannelOverHttp@2152cf1c{s=HttpChannelState@36e7011f{s=IDLE rs=BLOCKING os=OPEN is=IDLE awp=false se=false i=true al=0},r=1,c=false/false,a=IDLE,uri=null,age=0}}}
DEBUG qtp321412515-21 org.eclipse.jetty.io.ChannelEndPoint - changeInterests p=false 0->1 for SocketChannelEndPoint@218de944{l=/127.0.0.1:4567,r=/127.0.0.1:53274,OPEN,fill=FI,flush=-,to=0/3600000}{io=0/1,kio=0,kro=1}->HttpConnection@5652d67d[p=HttpParser{s=START,0 of -1},g=HttpGenerator@6995e94e{s=START}]=>HttpChannelOverHttp@2152cf1c{s=HttpChannelState@36e7011f{s=IDLE rs=BLOCKING os=OPEN is=IDLE awp=false se=false i=true al=0},r=1,c=false/false,a=IDLE,uri=null,age=0}
DEBUG qtp321412515-21 org.eclipse.jetty.io.ManagedSelector - Queued change lazy=false org.eclipse.jetty.io.ChannelEndPoint$$Lambda$32/1763962958@24800fea on ManagedSelector@4d0bccf4{STARTED} id=1 keys=1 selected=0 updates=0
DEBUG qtp321412515-21 org.eclipse.jetty.io.ManagedSelector - Wakeup on submit ManagedSelector@4d0bccf4{STARTED} id=1 keys=1 selected=0 updates=1
DEBUG qtp321412515-15 org.eclipse.jetty.io.ManagedSelector - Selector sun.nio.ch.EPollSelectorImpl@393eb12c woken with none selected
DEBUG qtp321412515-21 org.eclipse.jetty.server.HttpConnection - HttpConnection@5652d67d::SocketChannelEndPoint@218de944{l=/127.0.0.1:4567,r=/127.0.0.1:53274,OPEN,fill=FI,flush=-,to=0/3600000}{io=0/1,kio=0,kro=1}->HttpConnection@5652d67d[p=HttpParser{s=START,0 of -1},g=HttpGenerator@6995e94e{s=START}]=>HttpChannelOverHttp@2152cf1c{s=HttpChannelState@36e7011f{s=IDLE rs=BLOCKING os=OPEN is=IDLE awp=false se=false i=true al=0},r=1,c=false/false,a=IDLE,uri=null,age=0} onFillable exit HttpChannelState@36e7011f{s=IDLE rs=BLOCKING os=OPEN is=IDLE awp=false se=false i=true al=0} null
DEBUG qtp321412515-15 org.eclipse.jetty.io.ManagedSelector - Selector sun.nio.ch.EPollSelectorImpl@393eb12c woken up from select, 0/0/1 selected
DEBUG qtp321412515-15 org.eclipse.jetty.io.ManagedSelector - Selector sun.nio.ch.EPollSelectorImpl@393eb12c processing 0 keys, 1 updates
DEBUG qtp321412515-21 org.eclipse.jetty.util.thread.QueuedThreadPool - ran CEP:SocketChannelEndPoint@218de944{l=/127.0.0.1:4567,r=/127.0.0.1:53274,OPEN,fill=FI,flush=-,to=1/3600000}{io=0/1,kio=0,kro=1}->HttpConnection@5652d67d[p=HttpParser{s=START,0 of -1},g=HttpGenerator@6995e94e{s=START}]=>HttpChannelOverHttp@2152cf1c{s=HttpChannelState@36e7011f{s=IDLE rs=BLOCKING os=OPEN is=IDLE awp=false se=false i=true al=0},r=1,c=false/false,a=IDLE,uri=null,age=0}:runFillable:BLOCKING in QueuedThreadPool[qtp321412515]@13285da3{STARTED,8<=8<=200,i=1,r=8,q=0}[ReservedThreadExecutor@62d53fd8{s=1/8,p=0}]
DEBUG qtp321412515-15 org.eclipse.jetty.io.ManagedSelector - updateable 1
DEBUG qtp321412515-15 org.eclipse.jetty.io.ManagedSelector - update org.eclipse.jetty.io.ChannelEndPoint$$Lambda$32/1763962958@24800fea
DEBUG qtp321412515-15 org.eclipse.jetty.io.ChannelEndPoint - Key interests updated 0 -> 1 on SocketChannelEndPoint@218de944{l=/127.0.0.1:4567,r=/127.0.0.1:53274,OPEN,fill=FI,flush=-,to=1/3600000}{io=1/1,kio=1,kro=1}->HttpConnection@5652d67d[p=HttpParser{s=START,0 of -1},g=HttpGenerator@6995e94e{s=START}]=>HttpChannelOverHttp@2152cf1c{s=HttpChannelState@36e7011f{s=IDLE rs=BLOCKING os=OPEN is=IDLE awp=false se=false i=true al=0},r=1,c=false/false,a=IDLE,uri=null,age=0}
DEBUG qtp321412515-15 org.eclipse.jetty.io.ManagedSelector - updates 0
DEBUG qtp321412515-15 org.eclipse.jetty.io.ManagedSelector - Selector sun.nio.ch.EPollSelectorImpl@393eb12c waiting with 1 keys
DEBUG qtp321412515-20 org.eclipse.jetty.util.thread.ReservedThreadExecutor - ReservedThreadExecutor@62d53fd8{s=1/8,p=0}@42e93150 task=null
DEBUG qtp321412515-20 org.eclipse.jetty.util.thread.ReservedThreadExecutor - ReservedThreadExecutor@62d53fd8{s=1/8,p=0}@42e93150 IDLE
DEBUG qtp321412515-20 org.eclipse.jetty.util.thread.ReservedThreadExecutor - ReservedThreadExecutor@62d53fd8{s=0/8,p=0}@42e93150 Exited
DEBUG qtp321412515-20 org.eclipse.jetty.util.thread.QueuedThreadPool - ran ReservedThreadExecutor@62d53fd8{s=0/8,p=0}@42e93150 in QueuedThreadPool[qtp321412515]@13285da3{STARTED,8<=8<=200,i=2,r=8,q=0}[ReservedThreadExecutor@62d53fd8{s=0/8,p=0}]
DEBUG qtp321412515-15 org.eclipse.jetty.io.ManagedSelector - Selector sun.nio.ch.EPollSelectorImpl@393eb12c woken up from select, 1/1/1 selected
DEBUG qtp321412515-15 org.eclipse.jetty.io.ManagedSelector - Selector sun.nio.ch.EPollSelectorImpl@393eb12c processing 1 keys, 0 updates
DEBUG qtp321412515-15 org.eclipse.jetty.io.ManagedSelector - selected 1 sun.nio.ch.SelectionKeyImpl@33c6da5c SocketChannelEndPoint@218de944{l=/127.0.0.1:4567,r=/127.0.0.1:53274,OPEN,fill=FI,flush=-,to=300137/3600000}{io=1/1,kio=1,kro=1}->HttpConnection@5652d67d[p=HttpParser{s=START,0 of -1},g=HttpGenerator@6995e94e{s=START}]=>HttpChannelOverHttp@2152cf1c{s=HttpChannelState@36e7011f{s=IDLE rs=BLOCKING os=OPEN is=IDLE awp=false se=false i=true al=0},r=1,c=false/false,a=IDLE,uri=null,age=0} 
DEBUG qtp321412515-15 org.eclipse.jetty.io.ChannelEndPoint - onSelected 1->0 r=true w=false for SocketChannelEndPoint@218de944{l=/127.0.0.1:4567,r=/127.0.0.1:53274,OPEN,fill=FI,flush=-,to=300138/3600000}{io=1/0,kio=1,kro=1}->HttpConnection@5652d67d[p=HttpParser{s=START,0 of -1},g=HttpGenerator@6995e94e{s=START}]=>HttpChannelOverHttp@2152cf1c{s=HttpChannelState@36e7011f{s=IDLE rs=BLOCKING os=OPEN is=IDLE awp=false se=false i=true al=0},r=1,c=false/false,a=IDLE,uri=null,age=0}
DEBUG qtp321412515-15 org.eclipse.jetty.io.ChannelEndPoint - task CEP:SocketChannelEndPoint@218de944{l=/127.0.0.1:4567,r=/127.0.0.1:53274,OPEN,fill=FI,flush=-,to=300138/3600000}{io=1/0,kio=1,kro=1}->HttpConnection@5652d67d[p=HttpParser{s=START,0 of -1},g=HttpGenerator@6995e94e{s=START}]=>HttpChannelOverHttp@2152cf1c{s=HttpChannelState@36e7011f{s=IDLE rs=BLOCKING os=OPEN is=IDLE awp=false se=false i=true al=0},r=1,c=false/false,a=IDLE,uri=null,age=0}:runFillable:BLOCKING
DEBUG qtp321412515-15 org.eclipse.jetty.util.thread.ReservedThreadExecutor - ReservedThreadExecutor@62d53fd8{s=0/8,p=0} tryExecute EatWhatYouKill@56ed245e/SelectorProducer@206ea1af/PRODUCING/p=false/QueuedThreadPool[qtp321412515]@13285da3{STARTED,8<=8<=200,i=3,r=8,q=0}[ReservedThreadExecutor@62d53fd8{s=0/8,p=0}][pc=0,pic=0,pec=1,epc=0]@2021-02-08T16:41:40.36-08:00
DEBUG qtp321412515-15 org.eclipse.jetty.util.thread.ReservedThreadExecutor - ReservedThreadExecutor@62d53fd8{s=0/8,p=1} startReservedThread p=1
DEBUG qtp321412515-15 org.eclipse.jetty.util.thread.QueuedThreadPool - queue ReservedThreadExecutor@62d53fd8{s=0/8,p=1}@16ebbd0f startThread=0
DEBUG qtp321412515-19 org.eclipse.jetty.util.thread.QueuedThreadPool - run ReservedThreadExecutor@62d53fd8{s=0/8,p=1}@16ebbd0f in QueuedThreadPool[qtp321412515]@13285da3{STARTED,8<=8<=200,i=2,r=8,q=0}[ReservedThreadExecutor@62d53fd8{s=0/8,p=1}]
DEBUG qtp321412515-19 org.eclipse.jetty.util.thread.ReservedThreadExecutor - ReservedThreadExecutor@62d53fd8{s=1/8,p=1}@16ebbd0f started
DEBUG qtp321412515-19 org.eclipse.jetty.util.thread.ReservedThreadExecutor - ReservedThreadExecutor@62d53fd8{s=1/8,p=0}@16ebbd0f waiting
DEBUG qtp321412515-15 org.eclipse.jetty.util.thread.strategy.EatWhatYouKill - EatWhatYouKill@56ed245e/SelectorProducer@206ea1af/PRODUCING/p=false/QueuedThreadPool[qtp321412515]@13285da3{STARTED,8<=8<=200,i=2,r=8,q=0}[ReservedThreadExecutor@62d53fd8{s=0/8,p=1}][pc=0,pic=0,pec=1,epc=0]@2021-02-08T16:41:40.361-08:00 m=PRODUCE_EXECUTE_CONSUME t=CEP:SocketChannelEndPoint@218de944{l=/127.0.0.1:4567,r=/127.0.0.1:53274,OPEN,fill=FI,flush=-,to=300141/3600000}{io=1/0,kio=1,kro=1}->HttpConnection@5652d67d[p=HttpParser{s=START,0 of -1},g=HttpGenerator@6995e94e{s=START}]=>HttpChannelOverHttp@2152cf1c{s=HttpChannelState@36e7011f{s=IDLE rs=BLOCKING os=OPEN is=IDLE awp=false se=false i=true al=0},r=1,c=false/false,a=IDLE,uri=null,age=0}:runFillable:BLOCKING/BLOCKING
DEBUG qtp321412515-15 org.eclipse.jetty.util.thread.QueuedThreadPool - queue CEP:SocketChannelEndPoint@218de944{l=/127.0.0.1:4567,r=/127.0.0.1:53274,OPEN,fill=FI,flush=-,to=300142/3600000}{io=1/0,kio=1,kro=1}->HttpConnection@5652d67d[p=HttpParser{s=START,0 of -1},g=HttpGenerator@6995e94e{s=START}]=>HttpChannelOverHttp@2152cf1c{s=HttpChannelState@36e7011f{s=IDLE rs=BLOCKING os=OPEN is=IDLE awp=false se=false i=true al=0},r=1,c=false/false,a=IDLE,uri=null,age=0}:runFillable:BLOCKING startThread=0
DEBUG qtp321412515-20 org.eclipse.jetty.util.thread.QueuedThreadPool - run CEP:SocketChannelEndPoint@218de944{l=/127.0.0.1:4567,r=/127.0.0.1:53274,OPEN,fill=FI,flush=-,to=300142/3600000}{io=1/0,kio=1,kro=1}->HttpConnection@5652d67d[p=HttpParser{s=START,0 of -1},g=HttpGenerator@6995e94e{s=START}]=>HttpChannelOverHttp@2152cf1c{s=HttpChannelState@36e7011f{s=IDLE rs=BLOCKING os=OPEN is=IDLE awp=false se=false i=true al=0},r=1,c=false/false,a=IDLE,uri=null,age=0}:runFillable:BLOCKING in QueuedThreadPool[qtp321412515]@13285da3{STARTED,8<=8<=200,i=1,r=8,q=0}[ReservedThreadExecutor@62d53fd8{s=1/8,p=0}]
DEBUG qtp321412515-15 org.eclipse.jetty.io.ManagedSelector - updateable 0
DEBUG qtp321412515-15 org.eclipse.jetty.io.ManagedSelector - updates 0
DEBUG qtp321412515-20 org.eclipse.jetty.io.FillInterest - fillable FillInterest@64e9bfc9{AC.ReadCB@5652d67d{HttpConnection@5652d67d::SocketChannelEndPoint@218de944{l=/127.0.0.1:4567,r=/127.0.0.1:53274,OPEN,fill=FI,flush=-,to=300144/3600000}{io=1/0,kio=1,kro=1}->HttpConnection@5652d67d[p=HttpParser{s=START,0 of -1},g=HttpGenerator@6995e94e{s=START}]=>HttpChannelOverHttp@2152cf1c{s=HttpChannelState@36e7011f{s=IDLE rs=BLOCKING os=OPEN is=IDLE awp=false se=false i=true al=0},r=1,c=false/false,a=IDLE,uri=null,age=0}}}
DEBUG qtp321412515-15 org.eclipse.jetty.io.ChannelEndPoint - Key interests updated 1 -> 0 on SocketChannelEndPoint@218de944{l=/127.0.0.1:4567,r=/127.0.0.1:53274,OPEN,fill=FI,flush=-,to=300145/3600000}{io=0/0,kio=0,kro=1}->HttpConnection@5652d67d[p=HttpParser{s=START,0 of -1},g=HttpGenerator@6995e94e{s=START}]=>HttpChannelOverHttp@2152cf1c{s=HttpChannelState@36e7011f{s=IDLE rs=BLOCKING os=OPEN is=IDLE awp=false se=false i=true al=0},r=1,c=false/false,a=IDLE,uri=null,age=0}
DEBUG qtp321412515-15 org.eclipse.jetty.io.ManagedSelector - Selector sun.nio.ch.EPollSelectorImpl@393eb12c waiting with 1 keys
DEBUG qtp321412515-20 org.eclipse.jetty.server.HttpConnection - HttpConnection@5652d67d::SocketChannelEndPoint@218de944{l=/127.0.0.1:4567,r=/127.0.0.1:53274,OPEN,fill=-,flush=-,to=300146/3600000}{io=0/0,kio=0,kro=1}->HttpConnection@5652d67d[p=HttpParser{s=START,0 of -1},g=HttpGenerator@6995e94e{s=START}]=>HttpChannelOverHttp@2152cf1c{s=HttpChannelState@36e7011f{s=IDLE rs=BLOCKING os=OPEN is=IDLE awp=false se=false i=true al=0},r=1,c=false/false,a=IDLE,uri=null,age=0} onFillable enter HttpChannelState@36e7011f{s=IDLE rs=BLOCKING os=OPEN is=IDLE awp=false se=false i=true al=0} null
DEBUG qtp321412515-20 org.eclipse.jetty.io.AbstractEndPoint - shutdownInput SocketChannelEndPoint@218de944{l=/127.0.0.1:4567,r=/127.0.0.1:53274,OPEN,fill=-,flush=-,to=300149/3600000}{io=0/0,kio=0,kro=1}->HttpConnection@5652d67d[p=HttpParser{s=START,0 of -1},g=HttpGenerator@6995e94e{s=START}]=>HttpChannelOverHttp@2152cf1c{s=HttpChannelState@36e7011f{s=IDLE rs=BLOCKING os=OPEN is=IDLE awp=false se=false i=true al=0},r=1,c=false/false,a=IDLE,uri=null,age=0}
DEBUG qtp321412515-20 org.eclipse.jetty.io.ChannelEndPoint - filled -1 HeapByteBuffer@5962a66d[p=0,l=0,c=8192,r=0]={<<<>>>HTTP/1.1 ...\x00\x00\x00\x00\x00\x00\x00}
DEBUG qtp321412515-20 org.eclipse.jetty.http.HttpParser - atEOF HttpParser{s=START,0 of -1}
DEBUG qtp321412515-20 org.eclipse.jetty.server.HttpConnection - HttpConnection@5652d67d::SocketChannelEndPoint@218de944{l=/127.0.0.1:4567,r=/127.0.0.1:53274,ISHUT,fill=-,flush=-,to=300150/3600000}{io=0/0,kio=0,kro=1}->HttpConnection@5652d67d[p=HttpParser{s=START,0 of -1},g=HttpGenerator@6995e94e{s=START}]=>HttpChannelOverHttp@2152cf1c{s=HttpChannelState@36e7011f{s=IDLE rs=BLOCKING os=OPEN is=IDLE awp=false se=false i=true al=0},r=1,c=false/false,a=IDLE,uri=null,age=0} filled -1 HeapByteBuffer@5962a66d[p=0,l=0,c=8192,r=0]={<<<>>>HTTP/1.1 ...\x00\x00\x00\x00\x00\x00\x00}
DEBUG qtp321412515-20 org.eclipse.jetty.server.HttpConnection - HttpConnection@5652d67d::SocketChannelEndPoint@218de944{l=/127.0.0.1:4567,r=/127.0.0.1:53274,ISHUT,fill=-,flush=-,to=300151/3600000}{io=0/0,kio=0,kro=1}->HttpConnection@5652d67d[p=HttpParser{s=START,0 of -1},g=HttpGenerator@6995e94e{s=START}]=>HttpChannelOverHttp@2152cf1c{s=HttpChannelState@36e7011f{s=IDLE rs=BLOCKING os=OPEN is=IDLE awp=false se=false i=true al=0},r=1,c=false/false,a=IDLE,uri=null,age=0} parse HeapByteBuffer@5962a66d[p=0,l=0,c=8192,r=0]={<<<>>>HTTP/1.1 ...\x00\x00\x00\x00\x00\x00\x00} {}
DEBUG qtp321412515-20 org.eclipse.jetty.http.HttpParser - parseNext s=START HeapByteBuffer@5962a66d[p=0,l=0,c=8192,r=0]={<<<>>>HTTP/1.1 ...\x00\x00\x00\x00\x00\x00\x00}
DEBUG qtp321412515-20 org.eclipse.jetty.http.HttpParser - START --> CLOSED
DEBUG qtp321412515-20 org.eclipse.jetty.io.AbstractEndPoint - close SocketChannelEndPoint@218de944{l=/127.0.0.1:4567,r=/127.0.0.1:53274,ISHUT,fill=-,flush=-,to=300152/3600000}{io=0/0,kio=0,kro=1}->HttpConnection@5652d67d[p=HttpParser{s=CLOSED,0 of -1},g=HttpGenerator@6995e94e{s=START}]=>HttpChannelOverHttp@2152cf1c{s=HttpChannelState@36e7011f{s=IDLE rs=BLOCKING os=OPEN is=IDLE awp=false se=false i=true al=0},r=1,c=false/false,a=IDLE,uri=null,age=0}
DEBUG qtp321412515-20 org.eclipse.jetty.io.AbstractEndPoint - close(null) SocketChannelEndPoint@218de944{l=/127.0.0.1:4567,r=/127.0.0.1:53274,ISHUT,fill=-,flush=-,to=300152/3600000}{io=0/0,kio=0,kro=1}->HttpConnection@5652d67d[p=HttpParser{s=CLOSED,0 of -1},g=HttpGenerator@6995e94e{s=START}]=>HttpChannelOverHttp@2152cf1c{s=HttpChannelState@36e7011f{s=IDLE rs=BLOCKING os=OPEN is=IDLE awp=false se=false i=true al=0},r=1,c=false/false,a=IDLE,uri=null,age=0}
DEBUG qtp321412515-20 org.eclipse.jetty.io.ChannelEndPoint - doClose SocketChannelEndPoint@218de944{l=/127.0.0.1:4567,r=/127.0.0.1:53274,CLOSED,fill=-,flush=-,to=300153/3600000}{io=0/0,kio=0,kro=1}->HttpConnection@5652d67d[p=HttpParser{s=CLOSED,0 of -1},g=HttpGenerator@6995e94e{s=START}]=>HttpChannelOverHttp@2152cf1c{s=HttpChannelState@36e7011f{s=IDLE rs=BLOCKING os=OPEN is=IDLE awp=false se=false i=true al=0},r=1,c=false/false,a=IDLE,uri=null,age=0}
DEBUG qtp321412515-20 org.eclipse.jetty.io.FillInterest - onClose FillInterest@64e9bfc9{null}
DEBUG qtp321412515-20 org.eclipse.jetty.io.ManagedSelector - Wakeup ManagedSelector@4d0bccf4{STARTED} id=1 keys=1 selected=0 updates=0
DEBUG qtp321412515-20 org.eclipse.jetty.util.thread.QueuedThreadPool - queue org.eclipse.jetty.io.ManagedSelector$DestroyEndPoint@565550f9 startThread=0
DEBUG qtp321412515-15 org.eclipse.jetty.io.ManagedSelector - Selector sun.nio.ch.EPollSelectorImpl@393eb12c woken with none selected
DEBUG qtp321412515-21 org.eclipse.jetty.util.thread.QueuedThreadPool - run org.eclipse.jetty.io.ManagedSelector$DestroyEndPoint@565550f9 in QueuedThreadPool[qtp321412515]@13285da3{STARTED,8<=8<=200,i=0,r=8,q=0}[ReservedThreadExecutor@62d53fd8{s=1/8,p=0}]
DEBUG qtp321412515-15 org.eclipse.jetty.io.ManagedSelector - Selector sun.nio.ch.EPollSelectorImpl@393eb12c woken up from select, 0/0/0 selected
DEBUG qtp321412515-15 org.eclipse.jetty.io.ManagedSelector - Selector sun.nio.ch.EPollSelectorImpl@393eb12c processing 0 keys, 0 updates
DEBUG qtp321412515-21 org.eclipse.jetty.io.ManagedSelector - Destroyed SocketChannelEndPoint@218de944{l=0.0.0.0/0.0.0.0:4567,r=null,CLOSED,fill=-,flush=-,to=300157/3600000}{io=0/0,kio=-1,kro=-1}->HttpConnection@5652d67d[p=HttpParser{s=CLOSED,0 of -1},g=HttpGenerator@6995e94e{s=START}]=>HttpChannelOverHttp@2152cf1c{s=HttpChannelState@36e7011f{s=IDLE rs=BLOCKING os=OPEN is=IDLE awp=false se=false i=true al=0},r=1,c=false/false,a=IDLE,uri=null,age=0}
DEBUG qtp321412515-20 org.eclipse.jetty.server.HttpConnection - HttpConnection@5652d67d::SocketChannelEndPoint@218de944{l=0.0.0.0/0.0.0.0:4567,r=null,CLOSED,fill=-,flush=-,to=300157/3600000}{io=0/0,kio=-1,kro=-1}->HttpConnection@5652d67d[p=HttpParser{s=CLOSED,0 of -1},g=HttpGenerator@6995e94e{s=START}]=>HttpChannelOverHttp@2152cf1c{s=HttpChannelState@36e7011f{s=IDLE rs=BLOCKING os=OPEN is=IDLE awp=false se=false i=true al=0},r=1,c=false/false,a=IDLE,uri=null,age=0} parsed false HttpParser{s=CLOSED,0 of -1}
DEBUG qtp321412515-15 org.eclipse.jetty.io.ManagedSelector - updateable 0
DEBUG qtp321412515-15 org.eclipse.jetty.io.ManagedSelector - updates 0
DEBUG qtp321412515-20 org.eclipse.jetty.server.HttpConnection - releaseRequestBuffer HttpConnection@5652d67d::SocketChannelEndPoint@218de944{l=0.0.0.0/0.0.0.0:4567,r=null,CLOSED,fill=-,flush=-,to=300158/3600000}{io=0/0,kio=-1,kro=-1}->HttpConnection@5652d67d[p=HttpParser{s=CLOSED,0 of -1},g=HttpGenerator@6995e94e{s=START}]=>HttpChannelOverHttp@2152cf1c{s=HttpChannelState@36e7011f{s=IDLE rs=BLOCKING os=OPEN is=IDLE awp=false se=false i=true al=0},r=1,c=false/false,a=IDLE,uri=null,age=0}
DEBUG qtp321412515-21 org.eclipse.jetty.io.AbstractConnection - onClose HttpConnection@5652d67d::SocketChannelEndPoint@218de944{l=0.0.0.0/0.0.0.0:4567,r=null,CLOSED,fill=-,flush=-,to=300158/3600000}{io=0/0,kio=-1,kro=-1}->HttpConnection@5652d67d[p=HttpParser{s=CLOSED,0 of -1},g=HttpGenerator@6995e94e{s=START}]=>HttpChannelOverHttp@2152cf1c{s=HttpChannelState@36e7011f{s=IDLE rs=BLOCKING os=OPEN is=IDLE awp=false se=false i=true al=0},r=1,c=false/false,a=IDLE,uri=null,age=0}
DEBUG qtp321412515-15 org.eclipse.jetty.io.ManagedSelector - Selector sun.nio.ch.EPollSelectorImpl@393eb12c waiting with 0 keys
DEBUG qtp321412515-20 org.eclipse.jetty.io.AbstractEndPoint - shutdownOutput SocketChannelEndPoint@218de944{l=0.0.0.0/0.0.0.0:4567,r=null,CLOSED,fill=-,flush=-,to=300159/3600000}{io=0/0,kio=-1,kro=-1}->HttpConnection@5652d67d[p=HttpParser{s=CLOSED,0 of -1},g=HttpGenerator@6995e94e{s=START}]=>HttpChannelOverHttp@2152cf1c{s=HttpChannelState@36e7011f{s=IDLE rs=BLOCKING os=OPEN is=IDLE awp=false se=false i=true al=0},r=1,c=false/false,a=IDLE,uri=null,age=0}
DEBUG qtp321412515-21 org.eclipse.jetty.util.thread.QueuedThreadPool - ran org.eclipse.jetty.io.ManagedSelector$DestroyEndPoint@565550f9 in QueuedThreadPool[qtp321412515]@13285da3{STARTED,8<=8<=200,i=0,r=8,q=0}[ReservedThreadExecutor@62d53fd8{s=1/8,p=0}]
DEBUG qtp321412515-20 org.eclipse.jetty.server.HttpConnection - HttpConnection@5652d67d::SocketChannelEndPoint@218de944{l=0.0.0.0/0.0.0.0:4567,r=null,CLOSED,fill=-,flush=-,to=300160/3600000}{io=0/0,kio=-1,kro=-1}->HttpConnection@5652d67d[p=HttpParser{s=CLOSED,0 of -1},g=HttpGenerator@6995e94e{s=START}]=>HttpChannelOverHttp@2152cf1c{s=HttpChannelState@36e7011f{s=IDLE rs=BLOCKING os=OPEN is=IDLE awp=false se=false i=true al=0},r=1,c=false/false,a=IDLE,uri=null,age=0} onFillable exit HttpChannelState@36e7011f{s=IDLE rs=BLOCKING os=OPEN is=IDLE awp=false se=false i=true al=0} null
DEBUG qtp321412515-20 org.eclipse.jetty.util.thread.QueuedThreadPool - ran CEP:SocketChannelEndPoint@218de944{l=0.0.0.0/0.0.0.0:4567,r=null,CLOSED,fill=-,flush=-,to=300160/3600000}{io=0/0,kio=-1,kro=-1}->HttpConnection@5652d67d[p=HttpParser{s=CLOSED,0 of -1},g=HttpGenerator@6995e94e{s=START}]=>HttpChannelOverHttp@2152cf1c{s=HttpChannelState@36e7011f{s=IDLE rs=BLOCKING os=OPEN is=IDLE awp=false se=false i=true al=0},r=1,c=false/false,a=IDLE,uri=null,age=0}:runFillable:BLOCKING in QueuedThreadPool[qtp321412515]@13285da3{STARTED,8<=8<=200,i=1,r=8,q=0}[ReservedThreadExecutor@62d53fd8{s=1/8,p=0}]
DEBUG qtp321412515-19 org.eclipse.jetty.util.thread.ReservedThreadExecutor - ReservedThreadExecutor@62d53fd8{s=1/8,p=0}@16ebbd0f task=null
DEBUG qtp321412515-19 org.eclipse.jetty.util.thread.ReservedThreadExecutor - ReservedThreadExecutor@62d53fd8{s=1/8,p=0}@16ebbd0f IDLE
DEBUG qtp321412515-19 org.eclipse.jetty.util.thread.ReservedThreadExecutor - ReservedThreadExecutor@62d53fd8{s=0/8,p=0}@16ebbd0f Exited
DEBUG qtp321412515-19 org.eclipse.jetty.util.thread.QueuedThreadPool - ran ReservedThreadExecutor@62d53fd8{s=0/8,p=0}@16ebbd0f in QueuedThreadPool[qtp321412515]@13285da3{STARTED,8<=8<=200,i=2,r=8,q=0}[ReservedThreadExecutor@62d53fd8{s=0/8,p=0}]
DEBUG Session-HouseKeeper-28eb5b7b-1 org.eclipse.jetty.server.session - node0 scavenging sessions
DEBUG Session-HouseKeeper-28eb5b7b-1 org.eclipse.jetty.server.session - spark.embeddedserver.jetty.JettyHandler1478157817==dftMaxIdleSec=-1 scavenging sessions
DEBUG Session-HouseKeeper-28eb5b7b-1 org.eclipse.jetty.server.session - spark.embeddedserver.jetty.JettyHandler1478157817==dftMaxIdleSec=-1 scavenging session ids []
DEBUG Session-HouseKeeper-28eb5b7b-1 org.eclipse.jetty.server.session - org.eclipse.jetty.server.session.DefaultSessionCache@43624f6c[evict=-1,removeUnloadable=false,saveOnCreate=false,saveOnInactiveEvict=false] checking expiration on []
DEBUG Session-HouseKeeper-28eb5b7b-1 org.eclipse.jetty.server.session - node0 scavenging sessions
DEBUG Session-HouseKeeper-28eb5b7b-1 org.eclipse.jetty.server.session - spark.embeddedserver.jetty.JettyHandler1478157817==dftMaxIdleSec=-1 scavenging sessions
DEBUG Session-HouseKeeper-28eb5b7b-1 org.eclipse.jetty.server.session - spark.embeddedserver.jetty.JettyHandler1478157817==dftMaxIdleSec=-1 scavenging session ids []
DEBUG Session-HouseKeeper-28eb5b7b-1 org.eclipse.jetty.server.session - org.eclipse.jetty.server.session.DefaultSessionCache@43624f6c[evict=-1,removeUnloadable=false,saveOnCreate=false,saveOnInactiveEvict=false] checking expiration on []
DEBUG Session-HouseKeeper-28eb5b7b-1 org.eclipse.jetty.server.session - node0 scavenging sessions
DEBUG Session-HouseKeeper-28eb5b7b-1 org.eclipse.jetty.server.session - spark.embeddedserver.jetty.JettyHandler1478157817==dftMaxIdleSec=-1 scavenging sessions
DEBUG Session-HouseKeeper-28eb5b7b-1 org.eclipse.jetty.server.session - spark.embeddedserver.jetty.JettyHandler1478157817==dftMaxIdleSec=-1 scavenging session ids []
DEBUG Session-HouseKeeper-28eb5b7b-1 org.eclipse.jetty.server.session - org.eclipse.jetty.server.session.DefaultSessionCache@43624f6c[evict=-1,removeUnloadable=false,saveOnCreate=false,saveOnInactiveEvict=false] checking expiration on []
DEBUG Session-HouseKeeper-28eb5b7b-1 org.eclipse.jetty.server.session - node0 scavenging sessions
DEBUG Session-HouseKeeper-28eb5b7b-1 org.eclipse.jetty.server.session - spark.embeddedserver.jetty.JettyHandler1478157817==dftMaxIdleSec=-1 scavenging sessions
DEBUG Session-HouseKeeper-28eb5b7b-1 org.eclipse.jetty.server.session - spark.embeddedserver.jetty.JettyHandler1478157817==dftMaxIdleSec=-1 scavenging session ids []
DEBUG Session-HouseKeeper-28eb5b7b-1 org.eclipse.jetty.server.session - org.eclipse.jetty.server.session.DefaultSessionCache@43624f6c[evict=-1,removeUnloadable=false,saveOnCreate=false,saveOnInactiveEvict=false] checking expiration on []
DEBUG Session-HouseKeeper-28eb5b7b-1 org.eclipse.jetty.server.session - node0 scavenging sessions
DEBUG Session-HouseKeeper-28eb5b7b-1 org.eclipse.jetty.server.session - spark.embeddedserver.jetty.JettyHandler1478157817==dftMaxIdleSec=-1 scavenging sessions
DEBUG Session-HouseKeeper-28eb5b7b-1 org.eclipse.jetty.server.session - spark.embeddedserver.jetty.JettyHandler1478157817==dftMaxIdleSec=-1 scavenging session ids []
DEBUG Session-HouseKeeper-28eb5b7b-1 org.eclipse.jetty.server.session - org.eclipse.jetty.server.session.DefaultSessionCache@43624f6c[evict=-1,removeUnloadable=false,saveOnCreate=false,saveOnInactiveEvict=false] checking expiration on []
DEBUG Session-HouseKeeper-28eb5b7b-1 org.eclipse.jetty.server.session - node0 scavenging sessions
DEBUG Session-HouseKeeper-28eb5b7b-1 org.eclipse.jetty.server.session - spark.embeddedserver.jetty.JettyHandler1478157817==dftMaxIdleSec=-1 scavenging sessions
DEBUG Session-HouseKeeper-28eb5b7b-1 org.eclipse.jetty.server.session - spark.embeddedserver.jetty.JettyHandler1478157817==dftMaxIdleSec=-1 scavenging session ids []
DEBUG Session-HouseKeeper-28eb5b7b-1 org.eclipse.jetty.server.session - org.eclipse.jetty.server.session.DefaultSessionCache@43624f6c[evict=-1,removeUnloadable=false,saveOnCreate=false,saveOnInactiveEvict=false] checking expiration on []
DEBUG Session-HouseKeeper-28eb5b7b-1 org.eclipse.jetty.server.session - node0 scavenging sessions
DEBUG Session-HouseKeeper-28eb5b7b-1 org.eclipse.jetty.server.session - spark.embeddedserver.jetty.JettyHandler1478157817==dftMaxIdleSec=-1 scavenging sessions
DEBUG Session-HouseKeeper-28eb5b7b-1 org.eclipse.jetty.server.session - spark.embeddedserver.jetty.JettyHandler1478157817==dftMaxIdleSec=-1 scavenging session ids []
DEBUG Session-HouseKeeper-28eb5b7b-1 org.eclipse.jetty.server.session - org.eclipse.jetty.server.session.DefaultSessionCache@43624f6c[evict=-1,removeUnloadable=false,saveOnCreate=false,saveOnInactiveEvict=false] checking expiration on []
DEBUG Session-HouseKeeper-28eb5b7b-1 org.eclipse.jetty.server.session - node0 scavenging sessions
DEBUG Session-HouseKeeper-28eb5b7b-1 org.eclipse.jetty.server.session - spark.embeddedserver.jetty.JettyHandler1478157817==dftMaxIdleSec=-1 scavenging sessions
DEBUG Session-HouseKeeper-28eb5b7b-1 org.eclipse.jetty.server.session - spark.embeddedserver.jetty.JettyHandler1478157817==dftMaxIdleSec=-1 scavenging session ids []
DEBUG Session-HouseKeeper-28eb5b7b-1 org.eclipse.jetty.server.session - org.eclipse.jetty.server.session.DefaultSessionCache@43624f6c[evict=-1,removeUnloadable=false,saveOnCreate=false,saveOnInactiveEvict=false] checking expiration on []
DEBUG Session-HouseKeeper-28eb5b7b-1 org.eclipse.jetty.server.session - node0 scavenging sessions
DEBUG Session-HouseKeeper-28eb5b7b-1 org.eclipse.jetty.server.session - spark.embeddedserver.jetty.JettyHandler1478157817==dftMaxIdleSec=-1 scavenging sessions
DEBUG Session-HouseKeeper-28eb5b7b-1 org.eclipse.jetty.server.session - spark.embeddedserver.jetty.JettyHandler1478157817==dftMaxIdleSec=-1 scavenging session ids []
DEBUG Session-HouseKeeper-28eb5b7b-1 org.eclipse.jetty.server.session - org.eclipse.jetty.server.session.DefaultSessionCache@43624f6c[evict=-1,removeUnloadable=false,saveOnCreate=false,saveOnInactiveEvict=false] checking expiration on []
DEBUG Session-HouseKeeper-28eb5b7b-1 org.eclipse.jetty.server.session - node0 scavenging sessions
DEBUG Session-HouseKeeper-28eb5b7b-1 org.eclipse.jetty.server.session - spark.embeddedserver.jetty.JettyHandler1478157817==dftMaxIdleSec=-1 scavenging sessions
DEBUG Session-HouseKeeper-28eb5b7b-1 org.eclipse.jetty.server.session - spark.embeddedserver.jetty.JettyHandler1478157817==dftMaxIdleSec=-1 scavenging session ids []
DEBUG Session-HouseKeeper-28eb5b7b-1 org.eclipse.jetty.server.session - org.eclipse.jetty.server.session.DefaultSessionCache@43624f6c[evict=-1,removeUnloadable=false,saveOnCreate=false,saveOnInactiveEvict=false] checking expiration on []
DEBUG Session-HouseKeeper-28eb5b7b-1 org.eclipse.jetty.server.session - node0 scavenging sessions
DEBUG Session-HouseKeeper-28eb5b7b-1 org.eclipse.jetty.server.session - spark.embeddedserver.jetty.JettyHandler1478157817==dftMaxIdleSec=-1 scavenging sessions
DEBUG Session-HouseKeeper-28eb5b7b-1 org.eclipse.jetty.server.session - spark.embeddedserver.jetty.JettyHandler1478157817==dftMaxIdleSec=-1 scavenging session ids []
DEBUG Session-HouseKeeper-28eb5b7b-1 org.eclipse.jetty.server.session - org.eclipse.jetty.server.session.DefaultSessionCache@43624f6c[evict=-1,removeUnloadable=false,saveOnCreate=false,saveOnInactiveEvict=false] checking expiration on []
DEBUG Session-HouseKeeper-28eb5b7b-1 org.eclipse.jetty.server.session - node0 scavenging sessions
DEBUG Session-HouseKeeper-28eb5b7b-1 org.eclipse.jetty.server.session - spark.embeddedserver.jetty.JettyHandler1478157817==dftMaxIdleSec=-1 scavenging sessions
DEBUG Session-HouseKeeper-28eb5b7b-1 org.eclipse.jetty.server.session - spark.embeddedserver.jetty.JettyHandler1478157817==dftMaxIdleSec=-1 scavenging session ids []
DEBUG Session-HouseKeeper-28eb5b7b-1 org.eclipse.jetty.server.session - org.eclipse.jetty.server.session.DefaultSessionCache@43624f6c[evict=-1,removeUnloadable=false,saveOnCreate=false,saveOnInactiveEvict=false] checking expiration on []
DEBUG Session-HouseKeeper-28eb5b7b-1 org.eclipse.jetty.server.session - node0 scavenging sessions
DEBUG Session-HouseKeeper-28eb5b7b-1 org.eclipse.jetty.server.session - spark.embeddedserver.jetty.JettyHandler1478157817==dftMaxIdleSec=-1 scavenging sessions
DEBUG Session-HouseKeeper-28eb5b7b-1 org.eclipse.jetty.server.session - spark.embeddedserver.jetty.JettyHandler1478157817==dftMaxIdleSec=-1 scavenging session ids []
DEBUG Session-HouseKeeper-28eb5b7b-1 org.eclipse.jetty.server.session - org.eclipse.jetty.server.session.DefaultSessionCache@43624f6c[evict=-1,removeUnloadable=false,saveOnCreate=false,saveOnInactiveEvict=false] checking expiration on []
DEBUG Session-HouseKeeper-28eb5b7b-1 org.eclipse.jetty.server.session - node0 scavenging sessions
DEBUG Session-HouseKeeper-28eb5b7b-1 org.eclipse.jetty.server.session - spark.embeddedserver.jetty.JettyHandler1478157817==dftMaxIdleSec=-1 scavenging sessions
DEBUG Session-HouseKeeper-28eb5b7b-1 org.eclipse.jetty.server.session - spark.embeddedserver.jetty.JettyHandler1478157817==dftMaxIdleSec=-1 scavenging session ids []
DEBUG Session-HouseKeeper-28eb5b7b-1 org.eclipse.jetty.server.session - org.eclipse.jetty.server.session.DefaultSessionCache@43624f6c[evict=-1,removeUnloadable=false,saveOnCreate=false,saveOnInactiveEvict=false] checking expiration on []
DEBUG Session-HouseKeeper-28eb5b7b-1 org.eclipse.jetty.server.session - node0 scavenging sessions
DEBUG Session-HouseKeeper-28eb5b7b-1 org.eclipse.jetty.server.session - spark.embeddedserver.jetty.JettyHandler1478157817==dftMaxIdleSec=-1 scavenging sessions
DEBUG Session-HouseKeeper-28eb5b7b-1 org.eclipse.jetty.server.session - spark.embeddedserver.jetty.JettyHandler1478157817==dftMaxIdleSec=-1 scavenging session ids []
DEBUG Session-HouseKeeper-28eb5b7b-1 org.eclipse.jetty.server.session - org.eclipse.jetty.server.session.DefaultSessionCache@43624f6c[evict=-1,removeUnloadable=false,saveOnCreate=false,saveOnInactiveEvict=false] checking expiration on []
DEBUG Session-HouseKeeper-28eb5b7b-1 org.eclipse.jetty.server.session - node0 scavenging sessions
DEBUG Session-HouseKeeper-28eb5b7b-1 org.eclipse.jetty.server.session - spark.embeddedserver.jetty.JettyHandler1478157817==dftMaxIdleSec=-1 scavenging sessions
DEBUG Session-HouseKeeper-28eb5b7b-1 org.eclipse.jetty.server.session - spark.embeddedserver.jetty.JettyHandler1478157817==dftMaxIdleSec=-1 scavenging session ids []
DEBUG Session-HouseKeeper-28eb5b7b-1 org.eclipse.jetty.server.session - org.eclipse.jetty.server.session.DefaultSessionCache@43624f6c[evict=-1,removeUnloadable=false,saveOnCreate=false,saveOnInactiveEvict=false] checking expiration on []
DEBUG Session-HouseKeeper-28eb5b7b-1 org.eclipse.jetty.server.session - node0 scavenging sessions
DEBUG Session-HouseKeeper-28eb5b7b-1 org.eclipse.jetty.server.session - spark.embeddedserver.jetty.JettyHandler1478157817==dftMaxIdleSec=-1 scavenging sessions
DEBUG Session-HouseKeeper-28eb5b7b-1 org.eclipse.jetty.server.session - spark.embeddedserver.jetty.JettyHandler1478157817==dftMaxIdleSec=-1 scavenging session ids []
DEBUG Session-HouseKeeper-28eb5b7b-1 org.eclipse.jetty.server.session - org.eclipse.jetty.server.session.DefaultSessionCache@43624f6c[evict=-1,removeUnloadable=false,saveOnCreate=false,saveOnInactiveEvict=false] checking expiration on []
DEBUG Session-HouseKeeper-28eb5b7b-1 org.eclipse.jetty.server.session - node0 scavenging sessions
DEBUG Session-HouseKeeper-28eb5b7b-1 org.eclipse.jetty.server.session - spark.embeddedserver.jetty.JettyHandler1478157817==dftMaxIdleSec=-1 scavenging sessions
DEBUG Session-HouseKeeper-28eb5b7b-1 org.eclipse.jetty.server.session - spark.embeddedserver.jetty.JettyHandler1478157817==dftMaxIdleSec=-1 scavenging session ids []
DEBUG Session-HouseKeeper-28eb5b7b-1 org.eclipse.jetty.server.session - org.eclipse.jetty.server.session.DefaultSessionCache@43624f6c[evict=-1,removeUnloadable=false,saveOnCreate=false,saveOnInactiveEvict=false] checking expiration on []
DEBUG Session-HouseKeeper-28eb5b7b-1 org.eclipse.jetty.server.session - node0 scavenging sessions
DEBUG Session-HouseKeeper-28eb5b7b-1 org.eclipse.jetty.server.session - spark.embeddedserver.jetty.JettyHandler1478157817==dftMaxIdleSec=-1 scavenging sessions
DEBUG Session-HouseKeeper-28eb5b7b-1 org.eclipse.jetty.server.session - spark.embeddedserver.jetty.JettyHandler1478157817==dftMaxIdleSec=-1 scavenging session ids []
DEBUG Session-HouseKeeper-28eb5b7b-1 org.eclipse.jetty.server.session - org.eclipse.jetty.server.session.DefaultSessionCache@43624f6c[evict=-1,removeUnloadable=false,saveOnCreate=false,saveOnInactiveEvict=false] checking expiration on []
DEBUG Session-HouseKeeper-28eb5b7b-1 org.eclipse.jetty.server.session - node0 scavenging sessions
DEBUG Session-HouseKeeper-28eb5b7b-1 org.eclipse.jetty.server.session - spark.embeddedserver.jetty.JettyHandler1478157817==dftMaxIdleSec=-1 scavenging sessions
DEBUG Session-HouseKeeper-28eb5b7b-1 org.eclipse.jetty.server.session - spark.embeddedserver.jetty.JettyHandler1478157817==dftMaxIdleSec=-1 scavenging session ids []
DEBUG Session-HouseKeeper-28eb5b7b-1 org.eclipse.jetty.server.session - org.eclipse.jetty.server.session.DefaultSessionCache@43624f6c[evict=-1,removeUnloadable=false,saveOnCreate=false,saveOnInactiveEvict=false] checking expiration on []
DEBUG Session-HouseKeeper-28eb5b7b-1 org.eclipse.jetty.server.session - node0 scavenging sessions
DEBUG Session-HouseKeeper-28eb5b7b-1 org.eclipse.jetty.server.session - spark.embeddedserver.jetty.JettyHandler1478157817==dftMaxIdleSec=-1 scavenging sessions
DEBUG Session-HouseKeeper-28eb5b7b-1 org.eclipse.jetty.server.session - spark.embeddedserver.jetty.JettyHandler1478157817==dftMaxIdleSec=-1 scavenging session ids []
DEBUG Session-HouseKeeper-28eb5b7b-1 org.eclipse.jetty.server.session - org.eclipse.jetty.server.session.DefaultSessionCache@43624f6c[evict=-1,removeUnloadable=false,saveOnCreate=false,saveOnInactiveEvict=false] checking expiration on []
DEBUG Session-HouseKeeper-28eb5b7b-1 org.eclipse.jetty.server.session - node0 scavenging sessions
DEBUG Session-HouseKeeper-28eb5b7b-1 org.eclipse.jetty.server.session - spark.embeddedserver.jetty.JettyHandler1478157817==dftMaxIdleSec=-1 scavenging sessions
DEBUG Session-HouseKeeper-28eb5b7b-1 org.eclipse.jetty.server.session - spark.embeddedserver.jetty.JettyHandler1478157817==dftMaxIdleSec=-1 scavenging session ids []
DEBUG Session-HouseKeeper-28eb5b7b-1 org.eclipse.jetty.server.session - org.eclipse.jetty.server.session.DefaultSessionCache@43624f6c[evict=-1,removeUnloadable=false,saveOnCreate=false,saveOnInactiveEvict=false] checking expiration on []
DEBUG Session-HouseKeeper-28eb5b7b-1 org.eclipse.jetty.server.session - node0 scavenging sessions
DEBUG Session-HouseKeeper-28eb5b7b-1 org.eclipse.jetty.server.session - spark.embeddedserver.jetty.JettyHandler1478157817==dftMaxIdleSec=-1 scavenging sessions
DEBUG Session-HouseKeeper-28eb5b7b-1 org.eclipse.jetty.server.session - spark.embeddedserver.jetty.JettyHandler1478157817==dftMaxIdleSec=-1 scavenging session ids []
DEBUG Session-HouseKeeper-28eb5b7b-1 org.eclipse.jetty.server.session - org.eclipse.jetty.server.session.DefaultSessionCache@43624f6c[evict=-1,removeUnloadable=false,saveOnCreate=false,saveOnInactiveEvict=false] checking expiration on []
DEBUG Session-HouseKeeper-28eb5b7b-1 org.eclipse.jetty.server.session - node0 scavenging sessions
DEBUG Session-HouseKeeper-28eb5b7b-1 org.eclipse.jetty.server.session - spark.embeddedserver.jetty.JettyHandler1478157817==dftMaxIdleSec=-1 scavenging sessions
DEBUG Session-HouseKeeper-28eb5b7b-1 org.eclipse.jetty.server.session - spark.embeddedserver.jetty.JettyHandler1478157817==dftMaxIdleSec=-1 scavenging session ids []
DEBUG Session-HouseKeeper-28eb5b7b-1 org.eclipse.jetty.server.session - org.eclipse.jetty.server.session.DefaultSessionCache@43624f6c[evict=-1,removeUnloadable=false,saveOnCreate=false,saveOnInactiveEvict=false] checking expiration on []
DEBUG Session-HouseKeeper-28eb5b7b-1 org.eclipse.jetty.server.session - node0 scavenging sessions
DEBUG Session-HouseKeeper-28eb5b7b-1 org.eclipse.jetty.server.session - spark.embeddedserver.jetty.JettyHandler1478157817==dftMaxIdleSec=-1 scavenging sessions
DEBUG Session-HouseKeeper-28eb5b7b-1 org.eclipse.jetty.server.session - spark.embeddedserver.jetty.JettyHandler1478157817==dftMaxIdleSec=-1 scavenging session ids []
DEBUG Session-HouseKeeper-28eb5b7b-1 org.eclipse.jetty.server.session - org.eclipse.jetty.server.session.DefaultSessionCache@43624f6c[evict=-1,removeUnloadable=false,saveOnCreate=false,saveOnInactiveEvict=false] checking expiration on []
DEBUG Session-HouseKeeper-28eb5b7b-1 org.eclipse.jetty.server.session - node0 scavenging sessions
DEBUG Session-HouseKeeper-28eb5b7b-1 org.eclipse.jetty.server.session - spark.embeddedserver.jetty.JettyHandler1478157817==dftMaxIdleSec=-1 scavenging sessions
DEBUG Session-HouseKeeper-28eb5b7b-1 org.eclipse.jetty.server.session - spark.embeddedserver.jetty.JettyHandler1478157817==dftMaxIdleSec=-1 scavenging session ids []
DEBUG Session-HouseKeeper-28eb5b7b-1 org.eclipse.jetty.server.session - org.eclipse.jetty.server.session.DefaultSessionCache@43624f6c[evict=-1,removeUnloadable=false,saveOnCreate=false,saveOnInactiveEvict=false] checking expiration on []
DEBUG Session-HouseKeeper-28eb5b7b-1 org.eclipse.jetty.server.session - node0 scavenging sessions
DEBUG Session-HouseKeeper-28eb5b7b-1 org.eclipse.jetty.server.session - spark.embeddedserver.jetty.JettyHandler1478157817==dftMaxIdleSec=-1 scavenging sessions
DEBUG Session-HouseKeeper-28eb5b7b-1 org.eclipse.jetty.server.session - spark.embeddedserver.jetty.JettyHandler1478157817==dftMaxIdleSec=-1 scavenging session ids []
DEBUG Session-HouseKeeper-28eb5b7b-1 org.eclipse.jetty.server.session - org.eclipse.jetty.server.session.DefaultSessionCache@43624f6c[evict=-1,removeUnloadable=false,saveOnCreate=false,saveOnInactiveEvict=false] checking expiration on []
DEBUG Session-HouseKeeper-28eb5b7b-1 org.eclipse.jetty.server.session - node0 scavenging sessions
DEBUG Session-HouseKeeper-28eb5b7b-1 org.eclipse.jetty.server.session - spark.embeddedserver.jetty.JettyHandler1478157817==dftMaxIdleSec=-1 scavenging sessions
DEBUG Session-HouseKeeper-28eb5b7b-1 org.eclipse.jetty.server.session - spark.embeddedserver.jetty.JettyHandler1478157817==dftMaxIdleSec=-1 scavenging session ids []
DEBUG Session-HouseKeeper-28eb5b7b-1 org.eclipse.jetty.server.session - org.eclipse.jetty.server.session.DefaultSessionCache@43624f6c[evict=-1,removeUnloadable=false,saveOnCreate=false,saveOnInactiveEvict=false] checking expiration on []
DEBUG Session-HouseKeeper-28eb5b7b-1 org.eclipse.jetty.server.session - node0 scavenging sessions
DEBUG Session-HouseKeeper-28eb5b7b-1 org.eclipse.jetty.server.session - spark.embeddedserver.jetty.JettyHandler1478157817==dftMaxIdleSec=-1 scavenging sessions
DEBUG Session-HouseKeeper-28eb5b7b-1 org.eclipse.jetty.server.session - spark.embeddedserver.jetty.JettyHandler1478157817==dftMaxIdleSec=-1 scavenging session ids []
DEBUG Session-HouseKeeper-28eb5b7b-1 org.eclipse.jetty.server.session - org.eclipse.jetty.server.session.DefaultSessionCache@43624f6c[evict=-1,removeUnloadable=false,saveOnCreate=false,saveOnInactiveEvict=false] checking expiration on []
DEBUG Session-HouseKeeper-28eb5b7b-1 org.eclipse.jetty.server.session - node0 scavenging sessions
DEBUG Session-HouseKeeper-28eb5b7b-1 org.eclipse.jetty.server.session - spark.embeddedserver.jetty.JettyHandler1478157817==dftMaxIdleSec=-1 scavenging sessions
DEBUG Session-HouseKeeper-28eb5b7b-1 org.eclipse.jetty.server.session - spark.embeddedserver.jetty.JettyHandler1478157817==dftMaxIdleSec=-1 scavenging session ids []
DEBUG Session-HouseKeeper-28eb5b7b-1 org.eclipse.jetty.server.session - org.eclipse.jetty.server.session.DefaultSessionCache@43624f6c[evict=-1,removeUnloadable=false,saveOnCreate=false,saveOnInactiveEvict=false] checking expiration on []
DEBUG Session-HouseKeeper-28eb5b7b-1 org.eclipse.jetty.server.session - node0 scavenging sessions
DEBUG Session-HouseKeeper-28eb5b7b-1 org.eclipse.jetty.server.session - spark.embeddedserver.jetty.JettyHandler1478157817==dftMaxIdleSec=-1 scavenging sessions
DEBUG Session-HouseKeeper-28eb5b7b-1 org.eclipse.jetty.server.session - spark.embeddedserver.jetty.JettyHandler1478157817==dftMaxIdleSec=-1 scavenging session ids []
DEBUG Session-HouseKeeper-28eb5b7b-1 org.eclipse.jetty.server.session - org.eclipse.jetty.server.session.DefaultSessionCache@43624f6c[evict=-1,removeUnloadable=false,saveOnCreate=false,saveOnInactiveEvict=false] checking expiration on []
DEBUG Session-HouseKeeper-28eb5b7b-1 org.eclipse.jetty.server.session - node0 scavenging sessions
DEBUG Session-HouseKeeper-28eb5b7b-1 org.eclipse.jetty.server.session - spark.embeddedserver.jetty.JettyHandler1478157817==dftMaxIdleSec=-1 scavenging sessions
DEBUG Session-HouseKeeper-28eb5b7b-1 org.eclipse.jetty.server.session - spark.embeddedserver.jetty.JettyHandler1478157817==dftMaxIdleSec=-1 scavenging session ids []
DEBUG Session-HouseKeeper-28eb5b7b-1 org.eclipse.jetty.server.session - org.eclipse.jetty.server.session.DefaultSessionCache@43624f6c[evict=-1,removeUnloadable=false,saveOnCreate=false,saveOnInactiveEvict=false] checking expiration on []
DEBUG Session-HouseKeeper-28eb5b7b-1 org.eclipse.jetty.server.session - node0 scavenging sessions
DEBUG Session-HouseKeeper-28eb5b7b-1 org.eclipse.jetty.server.session - spark.embeddedserver.jetty.JettyHandler1478157817==dftMaxIdleSec=-1 scavenging sessions
DEBUG Session-HouseKeeper-28eb5b7b-1 org.eclipse.jetty.server.session - spark.embeddedserver.jetty.JettyHandler1478157817==dftMaxIdleSec=-1 scavenging session ids []
DEBUG Session-HouseKeeper-28eb5b7b-1 org.eclipse.jetty.server.session - org.eclipse.jetty.server.session.DefaultSessionCache@43624f6c[evict=-1,removeUnloadable=false,saveOnCreate=false,saveOnInactiveEvict=false] checking expiration on []
DEBUG Session-HouseKeeper-28eb5b7b-1 org.eclipse.jetty.server.session - node0 scavenging sessions
DEBUG Session-HouseKeeper-28eb5b7b-1 org.eclipse.jetty.server.session - spark.embeddedserver.jetty.JettyHandler1478157817==dftMaxIdleSec=-1 scavenging sessions
DEBUG Session-HouseKeeper-28eb5b7b-1 org.eclipse.jetty.server.session - spark.embeddedserver.jetty.JettyHandler1478157817==dftMaxIdleSec=-1 scavenging session ids []
DEBUG Session-HouseKeeper-28eb5b7b-1 org.eclipse.jetty.server.session - org.eclipse.jetty.server.session.DefaultSessionCache@43624f6c[evict=-1,removeUnloadable=false,saveOnCreate=false,saveOnInactiveEvict=false] checking expiration on []
DEBUG Session-HouseKeeper-28eb5b7b-1 org.eclipse.jetty.server.session - node0 scavenging sessions
DEBUG Session-HouseKeeper-28eb5b7b-1 org.eclipse.jetty.server.session - spark.embeddedserver.jetty.JettyHandler1478157817==dftMaxIdleSec=-1 scavenging sessions
DEBUG Session-HouseKeeper-28eb5b7b-1 org.eclipse.jetty.server.session - spark.embeddedserver.jetty.JettyHandler1478157817==dftMaxIdleSec=-1 scavenging session ids []
DEBUG Session-HouseKeeper-28eb5b7b-1 org.eclipse.jetty.server.session - org.eclipse.jetty.server.session.DefaultSessionCache@43624f6c[evict=-1,removeUnloadable=false,saveOnCreate=false,saveOnInactiveEvict=false] checking expiration on []
DEBUG Session-HouseKeeper-28eb5b7b-1 org.eclipse.jetty.server.session - node0 scavenging sessions
DEBUG Session-HouseKeeper-28eb5b7b-1 org.eclipse.jetty.server.session - spark.embeddedserver.jetty.JettyHandler1478157817==dftMaxIdleSec=-1 scavenging sessions
DEBUG Session-HouseKeeper-28eb5b7b-1 org.eclipse.jetty.server.session - spark.embeddedserver.jetty.JettyHandler1478157817==dftMaxIdleSec=-1 scavenging session ids []
DEBUG Session-HouseKeeper-28eb5b7b-1 org.eclipse.jetty.server.session - org.eclipse.jetty.server.session.DefaultSessionCache@43624f6c[evict=-1,removeUnloadable=false,saveOnCreate=false,saveOnInactiveEvict=false] checking expiration on []
DEBUG Session-HouseKeeper-28eb5b7b-1 org.eclipse.jetty.server.session - node0 scavenging sessions
DEBUG Session-HouseKeeper-28eb5b7b-1 org.eclipse.jetty.server.session - spark.embeddedserver.jetty.JettyHandler1478157817==dftMaxIdleSec=-1 scavenging sessions
DEBUG Session-HouseKeeper-28eb5b7b-1 org.eclipse.jetty.server.session - spark.embeddedserver.jetty.JettyHandler1478157817==dftMaxIdleSec=-1 scavenging session ids []
DEBUG Session-HouseKeeper-28eb5b7b-1 org.eclipse.jetty.server.session - org.eclipse.jetty.server.session.DefaultSessionCache@43624f6c[evict=-1,removeUnloadable=false,saveOnCreate=false,saveOnInactiveEvict=false] checking expiration on []
DEBUG Session-HouseKeeper-28eb5b7b-1 org.eclipse.jetty.server.session - node0 scavenging sessions
DEBUG Session-HouseKeeper-28eb5b7b-1 org.eclipse.jetty.server.session - spark.embeddedserver.jetty.JettyHandler1478157817==dftMaxIdleSec=-1 scavenging sessions
DEBUG Session-HouseKeeper-28eb5b7b-1 org.eclipse.jetty.server.session - spark.embeddedserver.jetty.JettyHandler1478157817==dftMaxIdleSec=-1 scavenging session ids []
DEBUG Session-HouseKeeper-28eb5b7b-1 org.eclipse.jetty.server.session - org.eclipse.jetty.server.session.DefaultSessionCache@43624f6c[evict=-1,removeUnloadable=false,saveOnCreate=false,saveOnInactiveEvict=false] checking expiration on []
DEBUG Session-HouseKeeper-28eb5b7b-1 org.eclipse.jetty.server.session - node0 scavenging sessions
DEBUG Session-HouseKeeper-28eb5b7b-1 org.eclipse.jetty.server.session - spark.embeddedserver.jetty.JettyHandler1478157817==dftMaxIdleSec=-1 scavenging sessions
DEBUG Session-HouseKeeper-28eb5b7b-1 org.eclipse.jetty.server.session - spark.embeddedserver.jetty.JettyHandler1478157817==dftMaxIdleSec=-1 scavenging session ids []
DEBUG Session-HouseKeeper-28eb5b7b-1 org.eclipse.jetty.server.session - org.eclipse.jetty.server.session.DefaultSessionCache@43624f6c[evict=-1,removeUnloadable=false,saveOnCreate=false,saveOnInactiveEvict=false] checking expiration on []
DEBUG Session-HouseKeeper-28eb5b7b-1 org.eclipse.jetty.server.session - node0 scavenging sessions
DEBUG Session-HouseKeeper-28eb5b7b-1 org.eclipse.jetty.server.session - spark.embeddedserver.jetty.JettyHandler1478157817==dftMaxIdleSec=-1 scavenging sessions
DEBUG Session-HouseKeeper-28eb5b7b-1 org.eclipse.jetty.server.session - spark.embeddedserver.jetty.JettyHandler1478157817==dftMaxIdleSec=-1 scavenging session ids []
DEBUG Session-HouseKeeper-28eb5b7b-1 org.eclipse.jetty.server.session - org.eclipse.jetty.server.session.DefaultSessionCache@43624f6c[evict=-1,removeUnloadable=false,saveOnCreate=false,saveOnInactiveEvict=false] checking expiration on []
DEBUG Session-HouseKeeper-28eb5b7b-1 org.eclipse.jetty.server.session - node0 scavenging sessions
DEBUG Session-HouseKeeper-28eb5b7b-1 org.eclipse.jetty.server.session - spark.embeddedserver.jetty.JettyHandler1478157817==dftMaxIdleSec=-1 scavenging sessions
DEBUG Session-HouseKeeper-28eb5b7b-1 org.eclipse.jetty.server.session - spark.embeddedserver.jetty.JettyHandler1478157817==dftMaxIdleSec=-1 scavenging session ids []
DEBUG Session-HouseKeeper-28eb5b7b-1 org.eclipse.jetty.server.session - org.eclipse.jetty.server.session.DefaultSessionCache@43624f6c[evict=-1,removeUnloadable=false,saveOnCreate=false,saveOnInactiveEvict=false] checking expiration on []
